#
# There is insufficient memory for the Java Runtime Environment to continue.
# Native memory allocation (malloc) failed to allocate 2160592 bytes for Chunk::new
# Possible reasons:
#   The system is out of physical RAM or swap space
#   The process is running with CompressedOops enabled, and the Java Heap may be blocking the growth of the native heap
# Possible solutions:
#   Reduce memory load on the system
#   Increase physical memory or swap space
#   Check if swap backing store is full
#   Decrease Java heap size (-Xmx/-Xms)
#   Decrease number of Java threads
#   Decrease Java thread stack sizes (-Xss)
#   Set larger code cache with -XX:ReservedCodeCacheSize=
#   JVM is running with Unscaled Compressed Oops mode in which the Java heap is
#     placed in the first 4GB address space. The Java Heap base address is the
#     maximum limit for the native heap growth. Please use -XX:HeapBaseMinAddress
#     to set the Java Heap base and to place the Java Heap above 4GB virtual address.
# This output file may be truncated or incomplete.
#
#  Out of Memory Error (arena.cpp:189), pid=17508, tid=6792
#
# JRE version: OpenJDK Runtime Environment (17.0.6) (build 17.0.6+0-b2043.56-9586694)
# Java VM: OpenJDK 64-Bit Server VM (17.0.6+0-b2043.56-9586694, mixed mode, tiered, compressed oops, compressed class ptrs, g1 gc, windows-amd64)
# No core dump will be written. Minidumps are not enabled by default on client versions of Windows
#

---------------  S U M M A R Y ------------

Command Line: --add-opens=java.base/java.util=ALL-UNNAMED --add-opens=java.base/java.lang=ALL-UNNAMED --add-opens=java.base/java.lang.invoke=ALL-UNNAMED --add-opens=java.base/java.util=ALL-UNNAMED --add-opens=java.prefs/java.util.prefs=ALL-UNNAMED --add-opens=java.prefs/java.util.prefs=ALL-UNNAMED --add-opens=java.base/java.nio.charset=ALL-UNNAMED --add-opens=java.base/java.net=ALL-UNNAMED --add-opens=java.base/java.util.concurrent.atomic=ALL-UNNAMED -Xmx2048m -Dfile.encoding=UTF-8 -Duser.country=US -Duser.language=en -Duser.variant org.gradle.launcher.daemon.bootstrap.GradleDaemon 7.2

Host: AMD Ryzen 7 3750H with Radeon Vega Mobile Gfx  , 8 cores, 13G,  Windows 11 , 64 bit Build 22621 (10.0.22621.1778)
Time: Fri Jun 30 16:42:57 2023 SE Asia Standard Time elapsed time: 28.790630 seconds (0d 0h 0m 28s)

---------------  T H R E A D  ---------------

Current thread (0x000002045e86bd50):  JavaThread "C2 CompilerThread0" daemon [_thread_in_native, id=6792, stack(0x00000089dee00000,0x00000089def00000)]


Current CompileTask:
C2:  28790 10176   !   4       java.net.URLClassLoader::findClass (47 bytes)

Stack: [0x00000089dee00000,0x00000089def00000]
Native frames: (J=compiled Java code, j=interpreted, Vv=VM code, C=native code)
V  [jvm.dll+0x683b4a]
V  [jvm.dll+0x842654]
V  [jvm.dll+0x843dfe]
V  [jvm.dll+0x844463]
V  [jvm.dll+0x249b75]
V  [jvm.dll+0xabcac]
V  [jvm.dll+0xac27c]
V  [jvm.dll+0x368857]
V  [jvm.dll+0x1bd0b8]
V  [jvm.dll+0x21c359]
V  [jvm.dll+0x21b621]
V  [jvm.dll+0x1a4fdd]
V  [jvm.dll+0x22b098]
V  [jvm.dll+0x229159]
V  [jvm.dll+0x7f809c]
V  [jvm.dll+0x7f25fa]
V  [jvm.dll+0x682985]
C  [ucrtbase.dll+0x29363]
C  [KERNEL32.DLL+0x126ad]
C  [ntdll.dll+0x5a9f8]


---------------  P R O C E S S  ---------------

Threads class SMR info:
_java_thread_list=0x0000020468a137d0, length=135, elements={
0x0000020443f2b3c0, 0x000002045e825330, 0x000002045e825df0, 0x000002045e867290,
0x000002045e867c50, 0x000002045e86a610, 0x000002045e86afc0, 0x000002045e86bd50,
0x000002045e8773d0, 0x000002045e87ba60, 0x000002045e9f3e30, 0x000002045e9f6710,
0x0000020460ed6e00, 0x000002045fb28900, 0x0000020460d47ac0, 0x000002046103d600,
0x000002046103b830, 0x0000020461aca4d0, 0x000002045fe7a950, 0x000002045f91aef0,
0x000002045f91a080, 0x000002045f91c700, 0x000002045f91aa20, 0x000002045f91b3c0,
0x000002045f91c230, 0x000002045f91b890, 0x000002045f91bd60, 0x000002045f91cbd0,
0x000002045f91d0a0, 0x000002045f91d570, 0x000002045f91a550, 0x000002045ebdf070,
0x000002045ebe33d0, 0x000002045ebdeba0, 0x000002045ebe38a0, 0x000002045ebe2560,
0x000002045ebdf540, 0x000002045ebe3d70, 0x000002045ebdfa10, 0x000002045ebe1bc0,
0x000002045ebdfee0, 0x000002045ebe03b0, 0x000002045ebe0d50, 0x000002045ebddd30,
0x000002045ebe2a30, 0x000002045ebe4240, 0x000002045ebe16f0, 0x000002045ebe1220,
0x000002045ebe2f00, 0x000002045ebe50b0, 0x000002045ebdd860, 0x0000020461fe2260,
0x0000020461fe5c20, 0x0000020461fe60f0, 0x0000020461fe0580, 0x0000020461fe65c0,
0x0000020461fe5750, 0x0000020461fe2730, 0x0000020461fe2c00, 0x0000020461fe6a90,
0x0000020461fe30d0, 0x0000020461fe6f60, 0x0000020461fe13f0, 0x0000020461fe1d90,
0x0000020461fe7430, 0x0000020461fe7900, 0x0000020461fe35a0, 0x0000020461fe4db0,
0x0000020461fe3a70, 0x0000020461fe0a50, 0x0000020461fe0f20, 0x0000020461fe00b0,
0x0000020461fe3f40, 0x0000020461fe5280, 0x0000020461fe4410, 0x0000020461fe18c0,
0x0000020461fe48e0, 0x0000020461b7e110, 0x0000020461b832e0, 0x0000020461b81130,
0x0000020461b82e10, 0x0000020461b81600, 0x0000020461b82940, 0x0000020461b7cdd0,
0x0000020461b7dc40, 0x0000020461b7e5e0, 0x0000020461b7f920, 0x0000020461b82470,
0x0000020461b7f450, 0x0000020461b80c60, 0x0000020461b837b0, 0x0000020461b83c80,
0x0000020461b7c430, 0x0000020461b7c900, 0x0000020461b7fdf0, 0x0000020461b802c0,
0x0000020461b80790, 0x0000020461b7d2a0, 0x0000020461b7eab0, 0x0000020461b7d770,
0x0000020461b7ef80, 0x0000020461b81ad0, 0x0000020461b81fa0, 0x000002045f40b040,
0x000002045f40ab70, 0x000002045f409830, 0x000002045f40b510, 0x000002045f40c850,
0x000002045f40cd20, 0x000002045f409d00, 0x000002045f40a1d0, 0x000002045f40a6a0,
0x000002045f40b9e0, 0x000002045f40beb0, 0x000002045f40c380, 0x000002045f40d1f0,
0x000002046142c480, 0x0000020461432990, 0x000002046142eb00, 0x00000204614324c0,
0x000002046142b140, 0x0000020461430310, 0x000002046142e160, 0x000002046142dc90,
0x000002046142d2f0, 0x0000020461430cb0, 0x000002046142f4a0, 0x000002046142b610,
0x000002046142bfb0, 0x0000020461431180, 0x000002046142c950, 0x000002046142ce20,
0x000002046142e630, 0x000002046142f970, 0x000002046142fe40
}

Java Threads: ( => current thread )
  0x0000020443f2b3c0 JavaThread "main" [_thread_blocked, id=18244, stack(0x00000089de100000,0x00000089de200000)]
  0x000002045e825330 JavaThread "Reference Handler" daemon [_thread_blocked, id=8040, stack(0x00000089de800000,0x00000089de900000)]
  0x000002045e825df0 JavaThread "Finalizer" daemon [_thread_blocked, id=7904, stack(0x00000089de900000,0x00000089dea00000)]
  0x000002045e867290 JavaThread "Signal Dispatcher" daemon [_thread_blocked, id=14616, stack(0x00000089dea00000,0x00000089deb00000)]
  0x000002045e867c50 JavaThread "Attach Listener" daemon [_thread_blocked, id=4052, stack(0x00000089deb00000,0x00000089dec00000)]
  0x000002045e86a610 JavaThread "Service Thread" daemon [_thread_blocked, id=13284, stack(0x00000089dec00000,0x00000089ded00000)]
  0x000002045e86afc0 JavaThread "Monitor Deflation Thread" daemon [_thread_blocked, id=16664, stack(0x00000089ded00000,0x00000089dee00000)]
=>0x000002045e86bd50 JavaThread "C2 CompilerThread0" daemon [_thread_in_native, id=6792, stack(0x00000089dee00000,0x00000089def00000)]
  0x000002045e8773d0 JavaThread "C1 CompilerThread0" daemon [_thread_blocked, id=20472, stack(0x00000089def00000,0x00000089df000000)]
  0x000002045e87ba60 JavaThread "Sweeper thread" daemon [_thread_blocked, id=15592, stack(0x00000089df000000,0x00000089df100000)]
  0x000002045e9f3e30 JavaThread "Common-Cleaner" daemon [_thread_blocked, id=17292, stack(0x00000089df100000,0x00000089df200000)]
  0x000002045e9f6710 JavaThread "Notification Thread" daemon [_thread_blocked, id=15864, stack(0x00000089df200000,0x00000089df300000)]
  0x0000020460ed6e00 JavaThread "Daemon health stats" [_thread_blocked, id=2512, stack(0x00000089dfa00000,0x00000089dfb00000)]
  0x000002045fb28900 JavaThread "Incoming local TCP Connector on port 50568" [_thread_in_native, id=2972, stack(0x00000089df400000,0x00000089df500000)]
  0x0000020460d47ac0 JavaThread "Daemon periodic checks" [_thread_blocked, id=2680, stack(0x00000089df500000,0x00000089df600000)]
  0x000002046103d600 JavaThread "Daemon" [_thread_blocked, id=1844, stack(0x00000089dfb00000,0x00000089dfc00000)]
  0x000002046103b830 JavaThread "Handler for socket connection from /127.0.0.1:50568 to /127.0.0.1:50570" [_thread_in_native, id=11860, stack(0x00000089dfc00000,0x00000089dfd00000)]
  0x0000020461aca4d0 JavaThread "Cancel handler" [_thread_blocked, id=17736, stack(0x00000089dfd00000,0x00000089dfe00000)]
  0x000002045fe7a950 JavaThread "Daemon worker" [_thread_blocked, id=16608, stack(0x00000089dfe00000,0x00000089dff00000)]
  0x000002045f91aef0 JavaThread "Asynchronous log dispatcher for DefaultDaemonConnection: socket connection from /127.0.0.1:50568 to /127.0.0.1:50570" [_thread_blocked, id=8908, stack(0x00000089dff00000,0x00000089e0000000)]
  0x000002045f91a080 JavaThread "Stdin handler" [_thread_blocked, id=19852, stack(0x00000089e0000000,0x00000089e0100000)]
  0x000002045f91c700 JavaThread "Daemon client event forwarder" [_thread_blocked, id=17864, stack(0x00000089e0100000,0x00000089e0200000)]
  0x000002045f91aa20 JavaThread "Cache worker for journal cache (C:\Users\Nguyen Thi Van\.gradle\caches\journal-1)" [_thread_blocked, id=15760, stack(0x00000089e0600000,0x00000089e0700000)]
  0x000002045f91b3c0 JavaThread "File lock request listener" [_thread_in_native, id=9408, stack(0x00000089e0700000,0x00000089e0800000)]
  0x000002045f91c230 JavaThread "Cache worker for file hash cache (C:\Users\Nguyen Thi Van\.gradle\caches\7.2\fileHashes)" [_thread_blocked, id=2852, stack(0x00000089e0800000,0x00000089e0900000)]
  0x000002045f91b890 JavaThread "Cache worker for file hash cache (E:\code\Android\SmartAlarm\.gradle\7.2\fileHashes)" [_thread_blocked, id=18940, stack(0x00000089e0a00000,0x00000089e0b00000)]
  0x000002045f91bd60 JavaThread "File watcher server" daemon [_thread_in_native, id=18444, stack(0x00000089e0900000,0x00000089e0a00000)]
  0x000002045f91cbd0 JavaThread "File watcher consumer" daemon [_thread_blocked, id=17008, stack(0x00000089e0b00000,0x00000089e0c00000)]
  0x000002045f91d0a0 JavaThread "Cache worker for checksums cache (E:\code\Android\SmartAlarm\.gradle\checksums)" [_thread_blocked, id=4104, stack(0x00000089e0c00000,0x00000089e0d00000)]
  0x000002045f91d570 JavaThread "Cache worker for cache directory md-supplier (C:\Users\Nguyen Thi Van\.gradle\caches\7.2\md-supplier)" [_thread_blocked, id=12096, stack(0x00000089e0d00000,0x00000089e0e00000)]
  0x000002045f91a550 JavaThread "Cache worker for cache directory md-rule (C:\Users\Nguyen Thi Van\.gradle\caches\7.2\md-rule)" [_thread_blocked, id=19108, stack(0x00000089e0f00000,0x00000089e1000000)]
  0x000002045ebdf070 JavaThread "Cache worker for execution history cache (C:\Users\Nguyen Thi Van\.gradle\caches\7.2\executionHistory)" [_thread_blocked, id=4560, stack(0x00000089e1000000,0x00000089e1100000)]
  0x000002045ebe33d0 JavaThread "jar transforms" [_thread_blocked, id=16684, stack(0x00000089e1100000,0x00000089e1200000)]
  0x000002045ebdeba0 JavaThread "jar transforms Thread 2" [_thread_blocked, id=2100, stack(0x00000089e1200000,0x00000089e1300000)]
  0x000002045ebe38a0 JavaThread "Cache worker for file content cache (C:\Users\Nguyen Thi Van\.gradle\caches\7.2\fileContent)" [_thread_blocked, id=17328, stack(0x00000089e1500000,0x00000089e1600000)]
  0x000002045ebe2560 JavaThread "jar transforms Thread 3" [_thread_blocked, id=20812, stack(0x00000089e1600000,0x00000089e1700000)]
  0x000002045ebdf540 JavaThread "jar transforms Thread 4" [_thread_blocked, id=13136, stack(0x00000089e1700000,0x00000089e1800000)]
  0x000002045ebe3d70 JavaThread "Cache worker for dependencies-accessors (E:\code\Android\SmartAlarm\.gradle\7.2\dependencies-accessors)" [_thread_blocked, id=20048, stack(0x00000089e1800000,0x00000089e1900000)]
  0x000002045ebdfa10 JavaThread "jar transforms Thread 5" [_thread_blocked, id=19612, stack(0x00000089e1400000,0x00000089e1500000)]
  0x000002045ebe1bc0 JavaThread "Cache worker for Build Output Cleanup Cache (E:\code\Android\SmartAlarm\.gradle\buildOutputCleanup)" [_thread_blocked, id=14356, stack(0x00000089e0e00000,0x00000089e0f00000)]
  0x000002045ebdfee0 JavaThread "Unconstrained build operations" [_thread_blocked, id=6568, stack(0x00000089e1b00000,0x00000089e1c00000)]
  0x000002045ebe03b0 JavaThread "Unconstrained build operations Thread 2" [_thread_blocked, id=17360, stack(0x00000089e1c00000,0x00000089e1d00000)]
  0x000002045ebe0d50 JavaThread "Unconstrained build operations Thread 3" [_thread_blocked, id=18972, stack(0x00000089e1d00000,0x00000089e1e00000)]
  0x000002045ebddd30 JavaThread "Unconstrained build operations Thread 4" [_thread_blocked, id=784, stack(0x00000089e1e00000,0x00000089e1f00000)]
  0x000002045ebe2a30 JavaThread "Unconstrained build operations Thread 5" [_thread_blocked, id=18028, stack(0x00000089e1f00000,0x00000089e2000000)]
  0x000002045ebe4240 JavaThread "Unconstrained build operations Thread 6" [_thread_blocked, id=14960, stack(0x00000089e2000000,0x00000089e2100000)]
  0x000002045ebe16f0 JavaThread "Unconstrained build operations Thread 7" [_thread_blocked, id=8820, stack(0x00000089e2100000,0x00000089e2200000)]
  0x000002045ebe1220 JavaThread "Unconstrained build operations Thread 8" [_thread_blocked, id=19364, stack(0x00000089e2200000,0x00000089e2300000)]
  0x000002045ebe2f00 JavaThread "Unconstrained build operations Thread 9" [_thread_blocked, id=2924, stack(0x00000089e2300000,0x00000089e2400000)]
  0x000002045ebe50b0 JavaThread "Unconstrained build operations Thread 10" [_thread_blocked, id=19556, stack(0x00000089e2400000,0x00000089e2500000)]
  0x000002045ebdd860 JavaThread "Unconstrained build operations Thread 11" [_thread_blocked, id=18540, stack(0x00000089e2500000,0x00000089e2600000)]
  0x0000020461fe2260 JavaThread "Unconstrained build operations Thread 12" [_thread_blocked, id=18384, stack(0x00000089e2600000,0x00000089e2700000)]
  0x0000020461fe5c20 JavaThread "Unconstrained build operations Thread 13" [_thread_blocked, id=16324, stack(0x00000089e2700000,0x00000089e2800000)]
  0x0000020461fe60f0 JavaThread "Unconstrained build operations Thread 14" [_thread_blocked, id=888, stack(0x00000089e2800000,0x00000089e2900000)]
  0x0000020461fe0580 JavaThread "Unconstrained build operations Thread 15" [_thread_blocked, id=14196, stack(0x00000089e2900000,0x00000089e2a00000)]
  0x0000020461fe65c0 JavaThread "Unconstrained build operations Thread 16" [_thread_blocked, id=7568, stack(0x00000089e2a00000,0x00000089e2b00000)]
  0x0000020461fe5750 JavaThread "Unconstrained build operations Thread 17" [_thread_blocked, id=18988, stack(0x00000089e2b00000,0x00000089e2c00000)]
  0x0000020461fe2730 JavaThread "Unconstrained build operations Thread 18" [_thread_blocked, id=19584, stack(0x00000089e2c00000,0x00000089e2d00000)]
  0x0000020461fe2c00 JavaThread "Unconstrained build operations Thread 19" [_thread_blocked, id=11492, stack(0x00000089e2d00000,0x00000089e2e00000)]
  0x0000020461fe6a90 JavaThread "Unconstrained build operations Thread 20" [_thread_blocked, id=17568, stack(0x00000089e2e00000,0x00000089e2f00000)]
  0x0000020461fe30d0 JavaThread "Unconstrained build operations Thread 21" [_thread_blocked, id=11636, stack(0x00000089e2f00000,0x00000089e3000000)]
  0x0000020461fe6f60 JavaThread "Unconstrained build operations Thread 22" [_thread_blocked, id=19776, stack(0x00000089e3000000,0x00000089e3100000)]
  0x0000020461fe13f0 JavaThread "Unconstrained build operations Thread 23" [_thread_blocked, id=15796, stack(0x00000089e3100000,0x00000089e3200000)]
  0x0000020461fe1d90 JavaThread "Unconstrained build operations Thread 24" [_thread_blocked, id=9596, stack(0x00000089e3200000,0x00000089e3300000)]
  0x0000020461fe7430 JavaThread "Unconstrained build operations Thread 25" [_thread_blocked, id=18852, stack(0x00000089e3300000,0x00000089e3400000)]
  0x0000020461fe7900 JavaThread "Unconstrained build operations Thread 26" [_thread_blocked, id=18480, stack(0x00000089e3400000,0x00000089e3500000)]
  0x0000020461fe35a0 JavaThread "Unconstrained build operations Thread 27" [_thread_blocked, id=3836, stack(0x00000089e3500000,0x00000089e3600000)]
  0x0000020461fe4db0 JavaThread "Unconstrained build operations Thread 28" [_thread_blocked, id=18108, stack(0x00000089e3600000,0x00000089e3700000)]
  0x0000020461fe3a70 JavaThread "Unconstrained build operations Thread 29" [_thread_blocked, id=19052, stack(0x00000089e3700000,0x00000089e3800000)]
  0x0000020461fe0a50 JavaThread "Unconstrained build operations Thread 30" [_thread_blocked, id=17428, stack(0x00000089e3800000,0x00000089e3900000)]
  0x0000020461fe0f20 JavaThread "Unconstrained build operations Thread 31" [_thread_blocked, id=6072, stack(0x00000089e3900000,0x00000089e3a00000)]
  0x0000020461fe00b0 JavaThread "Unconstrained build operations Thread 32" [_thread_blocked, id=7880, stack(0x00000089e3a00000,0x00000089e3b00000)]
  0x0000020461fe3f40 JavaThread "Unconstrained build operations Thread 33" [_thread_blocked, id=17936, stack(0x00000089e3b00000,0x00000089e3c00000)]
  0x0000020461fe5280 JavaThread "Unconstrained build operations Thread 34" [_thread_blocked, id=18344, stack(0x00000089e3c00000,0x00000089e3d00000)]
  0x0000020461fe4410 JavaThread "Unconstrained build operations Thread 35" [_thread_blocked, id=7444, stack(0x00000089e3d00000,0x00000089e3e00000)]
  0x0000020461fe18c0 JavaThread "Unconstrained build operations Thread 36" [_thread_blocked, id=19264, stack(0x00000089e3e00000,0x00000089e3f00000)]
  0x0000020461fe48e0 JavaThread "Unconstrained build operations Thread 37" [_thread_blocked, id=9208, stack(0x00000089e3f00000,0x00000089e4000000)]
  0x0000020461b7e110 JavaThread "Unconstrained build operations Thread 38" [_thread_blocked, id=21004, stack(0x00000089e4000000,0x00000089e4100000)]
  0x0000020461b832e0 JavaThread "Unconstrained build operations Thread 39" [_thread_blocked, id=19444, stack(0x00000089e4100000,0x00000089e4200000)]
  0x0000020461b81130 JavaThread "Unconstrained build operations Thread 40" [_thread_blocked, id=18404, stack(0x00000089e4200000,0x00000089e4300000)]
  0x0000020461b82e10 JavaThread "Unconstrained build operations Thread 41" [_thread_blocked, id=20496, stack(0x00000089e4300000,0x00000089e4400000)]
  0x0000020461b81600 JavaThread "Unconstrained build operations Thread 42" [_thread_blocked, id=6040, stack(0x00000089e4400000,0x00000089e4500000)]
  0x0000020461b82940 JavaThread "Unconstrained build operations Thread 43" [_thread_blocked, id=9708, stack(0x00000089e4500000,0x00000089e4600000)]
  0x0000020461b7cdd0 JavaThread "Unconstrained build operations Thread 44" [_thread_blocked, id=18584, stack(0x00000089e4600000,0x00000089e4700000)]
  0x0000020461b7dc40 JavaThread "Unconstrained build operations Thread 45" [_thread_blocked, id=9452, stack(0x00000089e4700000,0x00000089e4800000)]
  0x0000020461b7e5e0 JavaThread "Unconstrained build operations Thread 46" [_thread_blocked, id=19048, stack(0x00000089e4800000,0x00000089e4900000)]
  0x0000020461b7f920 JavaThread "Unconstrained build operations Thread 47" [_thread_blocked, id=3792, stack(0x00000089e4900000,0x00000089e4a00000)]
  0x0000020461b82470 JavaThread "Unconstrained build operations Thread 48" [_thread_blocked, id=10432, stack(0x00000089e4a00000,0x00000089e4b00000)]
  0x0000020461b7f450 JavaThread "Unconstrained build operations Thread 49" [_thread_blocked, id=18040, stack(0x00000089e4b00000,0x00000089e4c00000)]
  0x0000020461b80c60 JavaThread "Unconstrained build operations Thread 50" [_thread_blocked, id=14808, stack(0x00000089e4c00000,0x00000089e4d00000)]
  0x0000020461b837b0 JavaThread "Unconstrained build operations Thread 51" [_thread_blocked, id=14800, stack(0x00000089e4d00000,0x00000089e4e00000)]
  0x0000020461b83c80 JavaThread "Unconstrained build operations Thread 52" [_thread_blocked, id=3324, stack(0x00000089e4e00000,0x00000089e4f00000)]
  0x0000020461b7c430 JavaThread "Unconstrained build operations Thread 53" [_thread_blocked, id=12956, stack(0x00000089e4f00000,0x00000089e5000000)]
  0x0000020461b7c900 JavaThread "Unconstrained build operations Thread 54" [_thread_blocked, id=6492, stack(0x00000089e5000000,0x00000089e5100000)]
  0x0000020461b7fdf0 JavaThread "Unconstrained build operations Thread 55" [_thread_blocked, id=6208, stack(0x00000089e5100000,0x00000089e5200000)]
  0x0000020461b802c0 JavaThread "Unconstrained build operations Thread 56" [_thread_blocked, id=15460, stack(0x00000089e5200000,0x00000089e5300000)]
  0x0000020461b80790 JavaThread "Unconstrained build operations Thread 57" [_thread_blocked, id=18440, stack(0x00000089e5300000,0x00000089e5400000)]
  0x0000020461b7d2a0 JavaThread "Unconstrained build operations Thread 58" [_thread_blocked, id=6116, stack(0x00000089e5400000,0x00000089e5500000)]
  0x0000020461b7eab0 JavaThread "Unconstrained build operations Thread 59" [_thread_blocked, id=19960, stack(0x00000089e5500000,0x00000089e5600000)]
  0x0000020461b7d770 JavaThread "Unconstrained build operations Thread 60" [_thread_blocked, id=18528, stack(0x00000089e5600000,0x00000089e5700000)]
  0x0000020461b7ef80 JavaThread "Unconstrained build operations Thread 61" [_thread_blocked, id=2692, stack(0x00000089e5700000,0x00000089e5800000)]
  0x0000020461b81ad0 JavaThread "Unconstrained build operations Thread 62" [_thread_blocked, id=5960, stack(0x00000089e5800000,0x00000089e5900000)]
  0x0000020461b81fa0 JavaThread "Unconstrained build operations Thread 63" [_thread_blocked, id=15468, stack(0x00000089e5900000,0x00000089e5a00000)]
  0x000002045f40b040 JavaThread "Unconstrained build operations Thread 64" [_thread_blocked, id=21044, stack(0x00000089e5a00000,0x00000089e5b00000)]
  0x000002045f40ab70 JavaThread "Unconstrained build operations Thread 65" [_thread_blocked, id=7452, stack(0x00000089e5b00000,0x00000089e5c00000)]
  0x000002045f409830 JavaThread "Unconstrained build operations Thread 66" [_thread_blocked, id=18268, stack(0x00000089e5c00000,0x00000089e5d00000)]
  0x000002045f40b510 JavaThread "Unconstrained build operations Thread 67" [_thread_blocked, id=17140, stack(0x00000089e5d00000,0x00000089e5e00000)]
  0x000002045f40c850 JavaThread "Unconstrained build operations Thread 68" [_thread_blocked, id=18688, stack(0x00000089e5e00000,0x00000089e5f00000)]
  0x000002045f40cd20 JavaThread "Unconstrained build operations Thread 69" [_thread_blocked, id=6940, stack(0x00000089e5f00000,0x00000089e6000000)]
  0x000002045f409d00 JavaThread "Unconstrained build operations Thread 70" [_thread_blocked, id=13356, stack(0x00000089e6000000,0x00000089e6100000)]
  0x000002045f40a1d0 JavaThread "Unconstrained build operations Thread 71" [_thread_blocked, id=4240, stack(0x00000089e6100000,0x00000089e6200000)]
  0x000002045f40a6a0 JavaThread "Unconstrained build operations Thread 72" [_thread_blocked, id=19356, stack(0x00000089e6200000,0x00000089e6300000)]
  0x000002045f40b9e0 JavaThread "Unconstrained build operations Thread 73" [_thread_blocked, id=19252, stack(0x00000089e6300000,0x00000089e6400000)]
  0x000002045f40beb0 JavaThread "Unconstrained build operations Thread 74" [_thread_blocked, id=5852, stack(0x00000089e6400000,0x00000089e6500000)]
  0x000002045f40c380 JavaThread "Unconstrained build operations Thread 75" [_thread_blocked, id=7616, stack(0x00000089e6500000,0x00000089e6600000)]
  0x000002045f40d1f0 JavaThread "Unconstrained build operations Thread 76" [_thread_blocked, id=20508, stack(0x00000089e6600000,0x00000089e6700000)]
  0x000002046142c480 JavaThread "Unconstrained build operations Thread 77" [_thread_blocked, id=16596, stack(0x00000089e6700000,0x00000089e6800000)]
  0x0000020461432990 JavaThread "Unconstrained build operations Thread 78" [_thread_blocked, id=1656, stack(0x00000089e6800000,0x00000089e6900000)]
  0x000002046142eb00 JavaThread "Unconstrained build operations Thread 79" [_thread_blocked, id=2520, stack(0x00000089e6900000,0x00000089e6a00000)]
  0x00000204614324c0 JavaThread "Unconstrained build operations Thread 80" [_thread_blocked, id=15928, stack(0x00000089e6a00000,0x00000089e6b00000)]
  0x000002046142b140 JavaThread "jar transforms Thread 6" [_thread_blocked, id=20612, stack(0x00000089e1a00000,0x00000089e1b00000)]
  0x0000020461430310 JavaThread "jar transforms Thread 7" [_thread_blocked, id=19492, stack(0x00000089e6b00000,0x00000089e6c00000)]
  0x000002046142e160 JavaThread "jar transforms Thread 8" [_thread_blocked, id=19672, stack(0x00000089e6c00000,0x00000089e6d00000)]
  0x000002046142dc90 JavaThread "Memory manager" [_thread_blocked, id=20504, stack(0x00000089e6e00000,0x00000089e6f00000)]
  0x000002046142d2f0 JavaThread "build event listener" [_thread_blocked, id=10836, stack(0x00000089e6f00000,0x00000089e7000000)]
  0x0000020461430cb0 JavaThread "pool-3-thread-1" [_thread_blocked, id=18572, stack(0x00000089e7000000,0x00000089e7100000)]
  0x000002046142f4a0 JavaThread "build event listener" [_thread_blocked, id=7272, stack(0x00000089e7100000,0x00000089e7200000)]
  0x000002046142b610 JavaThread "Execution worker for ':'" [_thread_blocked, id=2416, stack(0x00000089e7200000,0x00000089e7300000)]
  0x000002046142bfb0 JavaThread "Execution worker for ':' Thread 2" [_thread_blocked, id=6232, stack(0x00000089e7300000,0x00000089e7400000)]
  0x0000020461431180 JavaThread "Execution worker for ':' Thread 3" [_thread_blocked, id=2696, stack(0x00000089e7400000,0x00000089e7500000)]
  0x000002046142c950 JavaThread "Execution worker for ':' Thread 4" [_thread_in_vm, id=20424, stack(0x00000089e7500000,0x00000089e7600000)]
  0x000002046142ce20 JavaThread "Execution worker for ':' Thread 5" [_thread_blocked, id=7436, stack(0x00000089e7600000,0x00000089e7700000)]
  0x000002046142e630 JavaThread "Execution worker for ':' Thread 6" [_thread_blocked, id=2180, stack(0x00000089e7700000,0x00000089e7800000)]
  0x000002046142f970 JavaThread "Execution worker for ':' Thread 7" [_thread_blocked, id=7032, stack(0x00000089e7800000,0x00000089e7900000)]
  0x000002046142fe40 JavaThread "Cache worker for execution history cache (E:\code\Android\SmartAlarm\.gradle\7.2\executionHistory)" [_thread_blocked, id=17524, stack(0x00000089e7900000,0x00000089e7a00000)]

Other Threads:
  0x000002045e823660 VMThread "VM Thread" [stack: 0x00000089de700000,0x00000089de800000] [id=20948]
  0x000002045e9f6df0 WatcherThread [stack: 0x00000089df300000,0x00000089df400000] [id=2948]
  0x0000020443f88c00 GCTaskThread "GC Thread#0" [stack: 0x00000089de200000,0x00000089de300000] [id=6200]
  0x000002045f0e9aa0 GCTaskThread "GC Thread#1" [stack: 0x00000089df600000,0x00000089df700000] [id=16764]
  0x000002045f0e87d0 GCTaskThread "GC Thread#2" [stack: 0x00000089df700000,0x00000089df800000] [id=19032]
  0x000002045f0e8a80 GCTaskThread "GC Thread#3" [stack: 0x00000089df800000,0x00000089df900000] [id=14828]
  0x000002045f0e97f0 GCTaskThread "GC Thread#4" [stack: 0x00000089df900000,0x00000089dfa00000] [id=568]
  0x000002045f0ea2b0 GCTaskThread "GC Thread#5" [stack: 0x00000089e0200000,0x00000089e0300000] [id=20872]
  0x000002045f0e9290 GCTaskThread "GC Thread#6" [stack: 0x00000089e0300000,0x00000089e0400000] [id=21476]
  0x000002045f0e9540 GCTaskThread "GC Thread#7" [stack: 0x00000089e0400000,0x00000089e0500000] [id=7296]
  0x0000020443f999e0 ConcurrentGCThread "G1 Main Marker" [stack: 0x00000089de300000,0x00000089de400000] [id=9080]
  0x0000020443f9a290 ConcurrentGCThread "G1 Conc#0" [stack: 0x00000089de400000,0x00000089de500000] [id=6720]
  0x00000204617cf850 ConcurrentGCThread "G1 Conc#1" [stack: 0x00000089e0500000,0x00000089e0600000] [id=5204]
  0x0000020443fee140 ConcurrentGCThread "G1 Refine#0" [stack: 0x00000089de500000,0x00000089de600000] [id=14916]
  0x000002045f07e5b0 ConcurrentGCThread "G1 Refine#1" [stack: 0x00000089e1300000,0x00000089e1400000] [id=17820]
  0x0000020443feea00 ConcurrentGCThread "G1 Service" [stack: 0x00000089de600000,0x00000089de700000] [id=12844]

Threads with active compile tasks:
C2 CompilerThread0    28818 10176   !   4       java.net.URLClassLoader::findClass (47 bytes)

VM state: not at safepoint (normal execution)

VM Mutex/Monitor currently owned by a thread: None

Heap address: 0x0000000080000000, size: 2048 MB, Compressed Oops mode: 32-bit

CDS archive(s) not mapped
Compressed class space mapped at: 0x0000000100000000-0x0000000140000000, reserved size: 1073741824
Narrow klass base: 0x0000000000000000, Narrow klass shift: 3, Narrow klass range: 0x140000000

GC Precious Log:
 CPUs: 8 total, 8 available
 Memory: 14273M
 Large Page Support: Disabled
 NUMA Support: Disabled
 Compressed Oops: Enabled (32-bit)
 Heap Region Size: 1M
 Heap Min Capacity: 8M
 Heap Initial Capacity: 224M
 Heap Max Capacity: 2G
 Pre-touch: Disabled
 Parallel Workers: 8
 Concurrent Workers: 2
 Concurrent Refinement Workers: 8
 Periodic GC: Disabled

Heap:
 garbage-first heap   total 135168K, used 83762K [0x0000000080000000, 0x0000000100000000)
  region size 1024K, 4 young (4096K), 2 survivors (2048K)
 Metaspace       used 87777K, committed 88384K, reserved 1130496K
  class space    used 11721K, committed 12032K, reserved 1048576K

Heap Regions: E=young(eden), S=young(survivor), O=old, HS=humongous(starts), HC=humongous(continues), CS=collection set, F=free, OA=open archive, CA=closed archive, TAMS=top-at-mark-start (previous, next)
|   0|0x0000000080000000, 0x0000000080100000, 0x0000000080100000|100%| O|  |TAMS 0x0000000080100000, 0x0000000080000000| Untracked 
|   1|0x0000000080100000, 0x0000000080200000, 0x0000000080200000|100%| O|  |TAMS 0x0000000080200000, 0x0000000080100000| Untracked 
|   2|0x0000000080200000, 0x0000000080300000, 0x0000000080300000|100%| O|  |TAMS 0x0000000080300000, 0x0000000080200000| Untracked 
|   3|0x0000000080300000, 0x0000000080400000, 0x0000000080400000|100%|HS|  |TAMS 0x0000000080400000, 0x0000000080300000| Complete 
|   4|0x0000000080400000, 0x0000000080500000, 0x0000000080500000|100%|HC|  |TAMS 0x0000000080500000, 0x0000000080400000| Complete 
|   5|0x0000000080500000, 0x0000000080600000, 0x0000000080600000|100%|HC|  |TAMS 0x0000000080600000, 0x0000000080500000| Complete 
|   6|0x0000000080600000, 0x0000000080700000, 0x0000000080700000|100%| O|  |TAMS 0x0000000080700000, 0x0000000080600000| Untracked 
|   7|0x0000000080700000, 0x0000000080800000, 0x0000000080800000|100%| O|  |TAMS 0x0000000080800000, 0x0000000080700000| Untracked 
|   8|0x0000000080800000, 0x0000000080900000, 0x0000000080900000|100%| O|  |TAMS 0x0000000080900000, 0x0000000080800000| Untracked 
|   9|0x0000000080900000, 0x0000000080a00000, 0x0000000080a00000|100%| O|  |TAMS 0x0000000080a00000, 0x0000000080900000| Untracked 
|  10|0x0000000080a00000, 0x0000000080b00000, 0x0000000080b00000|100%| O|  |TAMS 0x0000000080b00000, 0x0000000080a00000| Untracked 
|  11|0x0000000080b00000, 0x0000000080c00000, 0x0000000080c00000|100%| O|  |TAMS 0x0000000080c00000, 0x0000000080b00000| Untracked 
|  12|0x0000000080c00000, 0x0000000080d00000, 0x0000000080d00000|100%| O|  |TAMS 0x0000000080d00000, 0x0000000080c00000| Untracked 
|  13|0x0000000080d00000, 0x0000000080e00000, 0x0000000080e00000|100%| O|  |TAMS 0x0000000080e00000, 0x0000000080d00000| Untracked 
|  14|0x0000000080e00000, 0x0000000080f00000, 0x0000000080f00000|100%| O|  |TAMS 0x0000000080f00000, 0x0000000080e00000| Untracked 
|  15|0x0000000080f00000, 0x0000000081000000, 0x0000000081000000|100%| O|  |TAMS 0x0000000081000000, 0x0000000080f00000| Untracked 
|  16|0x0000000081000000, 0x0000000081100000, 0x0000000081100000|100%| O|  |TAMS 0x0000000081100000, 0x0000000081000000| Untracked 
|  17|0x0000000081100000, 0x0000000081200000, 0x0000000081200000|100%| O|  |TAMS 0x0000000081200000, 0x0000000081100000| Untracked 
|  18|0x0000000081200000, 0x0000000081300000, 0x0000000081300000|100%| O|  |TAMS 0x0000000081300000, 0x0000000081200000| Untracked 
|  19|0x0000000081300000, 0x0000000081400000, 0x0000000081400000|100%| O|  |TAMS 0x0000000081400000, 0x0000000081300000| Untracked 
|  20|0x0000000081400000, 0x0000000081500000, 0x0000000081500000|100%| O|  |TAMS 0x0000000081500000, 0x0000000081400000| Untracked 
|  21|0x0000000081500000, 0x0000000081600000, 0x0000000081600000|100%| O|  |TAMS 0x0000000081600000, 0x0000000081500000| Untracked 
|  22|0x0000000081600000, 0x0000000081700000, 0x0000000081700000|100%| O|  |TAMS 0x0000000081700000, 0x0000000081600000| Untracked 
|  23|0x0000000081700000, 0x0000000081800000, 0x0000000081800000|100%| O|  |TAMS 0x0000000081800000, 0x0000000081700000| Untracked 
|  24|0x0000000081800000, 0x0000000081900000, 0x0000000081900000|100%| O|  |TAMS 0x0000000081900000, 0x0000000081800000| Untracked 
|  25|0x0000000081900000, 0x0000000081a00000, 0x0000000081a00000|100%| O|  |TAMS 0x0000000081a00000, 0x0000000081900000| Untracked 
|  26|0x0000000081a00000, 0x0000000081b00000, 0x0000000081b00000|100%| O|  |TAMS 0x0000000081b00000, 0x0000000081a00000| Untracked 
|  27|0x0000000081b00000, 0x0000000081c00000, 0x0000000081c00000|100%| O|  |TAMS 0x0000000081c00000, 0x0000000081b00000| Untracked 
|  28|0x0000000081c00000, 0x0000000081d00000, 0x0000000081d00000|100%| O|  |TAMS 0x0000000081d00000, 0x0000000081c00000| Untracked 
|  29|0x0000000081d00000, 0x0000000081e00000, 0x0000000081e00000|100%| O|  |TAMS 0x0000000081e00000, 0x0000000081d00000| Untracked 
|  30|0x0000000081e00000, 0x0000000081f00000, 0x0000000081f00000|100%| O|  |TAMS 0x0000000081f00000, 0x0000000081e00000| Untracked 
|  31|0x0000000081f00000, 0x0000000082000000, 0x0000000082000000|100%| O|  |TAMS 0x0000000082000000, 0x0000000081f00000| Untracked 
|  32|0x0000000082000000, 0x0000000082100000, 0x0000000082100000|100%| O|  |TAMS 0x0000000082100000, 0x0000000082000000| Untracked 
|  33|0x0000000082100000, 0x0000000082200000, 0x0000000082200000|100%|HS|  |TAMS 0x0000000082200000, 0x0000000082100000| Complete 
|  34|0x0000000082200000, 0x0000000082300000, 0x0000000082300000|100%|HS|  |TAMS 0x0000000082300000, 0x0000000082200000| Complete 
|  35|0x0000000082300000, 0x0000000082400000, 0x0000000082400000|100%|HS|  |TAMS 0x0000000082400000, 0x0000000082300000| Complete 
|  36|0x0000000082400000, 0x0000000082500000, 0x0000000082500000|100%| O|  |TAMS 0x0000000082500000, 0x0000000082400000| Untracked 
|  37|0x0000000082500000, 0x0000000082600000, 0x0000000082600000|100%| O|  |TAMS 0x0000000082600000, 0x0000000082500000| Untracked 
|  38|0x0000000082600000, 0x0000000082700000, 0x0000000082700000|100%| O|  |TAMS 0x0000000082700000, 0x0000000082600000| Untracked 
|  39|0x0000000082700000, 0x0000000082800000, 0x0000000082800000|100%| O|  |TAMS 0x0000000082800000, 0x0000000082700000| Untracked 
|  40|0x0000000082800000, 0x0000000082900000, 0x0000000082900000|100%|HS|  |TAMS 0x0000000082900000, 0x0000000082800000| Complete 
|  41|0x0000000082900000, 0x0000000082a00000, 0x0000000082a00000|100%|HC|  |TAMS 0x0000000082a00000, 0x0000000082900000| Complete 
|  42|0x0000000082a00000, 0x0000000082b00000, 0x0000000082b00000|100%| O|  |TAMS 0x0000000082b00000, 0x0000000082a00000| Untracked 
|  43|0x0000000082b00000, 0x0000000082c00000, 0x0000000082c00000|100%| O|  |TAMS 0x0000000082c00000, 0x0000000082b00000| Untracked 
|  44|0x0000000082c00000, 0x0000000082d00000, 0x0000000082d00000|100%| O|  |TAMS 0x0000000082d00000, 0x0000000082c00000| Untracked 
|  45|0x0000000082d00000, 0x0000000082e00000, 0x0000000082e00000|100%| O|  |TAMS 0x0000000082e00000, 0x0000000082d00000| Untracked 
|  46|0x0000000082e00000, 0x0000000082f00000, 0x0000000082f00000|100%| O|  |TAMS 0x0000000082f00000, 0x0000000082e00000| Untracked 
|  47|0x0000000082f00000, 0x0000000083000000, 0x0000000083000000|100%| O|  |TAMS 0x0000000083000000, 0x0000000082f00000| Untracked 
|  48|0x0000000083000000, 0x0000000083100000, 0x0000000083100000|100%| O|  |TAMS 0x0000000083000000, 0x0000000083000000| Untracked 
|  49|0x0000000083100000, 0x0000000083200000, 0x0000000083200000|100%| O|  |TAMS 0x0000000083200000, 0x0000000083100000| Untracked 
|  50|0x0000000083200000, 0x0000000083300000, 0x0000000083300000|100%| O|  |TAMS 0x0000000083300000, 0x0000000083200000| Untracked 
|  51|0x0000000083300000, 0x0000000083400000, 0x0000000083400000|100%| O|  |TAMS 0x0000000083400000, 0x0000000083300000| Untracked 
|  52|0x0000000083400000, 0x0000000083500000, 0x0000000083500000|100%| O|  |TAMS 0x0000000083500000, 0x0000000083400000| Untracked 
|  53|0x0000000083500000, 0x0000000083600000, 0x0000000083600000|100%| O|  |TAMS 0x0000000083600000, 0x0000000083500000| Untracked 
|  54|0x0000000083600000, 0x0000000083700000, 0x0000000083700000|100%| O|  |TAMS 0x0000000083700000, 0x0000000083600000| Untracked 
|  55|0x0000000083700000, 0x0000000083800000, 0x0000000083800000|100%| O|  |TAMS 0x0000000083800000, 0x0000000083700000| Untracked 
|  56|0x0000000083800000, 0x0000000083900000, 0x0000000083900000|100%| O|  |TAMS 0x0000000083900000, 0x0000000083800000| Untracked 
|  57|0x0000000083900000, 0x0000000083a00000, 0x0000000083a00000|100%| O|  |TAMS 0x0000000083a00000, 0x0000000083900000| Untracked 
|  58|0x0000000083a00000, 0x0000000083b00000, 0x0000000083b00000|100%| O|  |TAMS 0x0000000083b00000, 0x0000000083a00000| Untracked 
|  59|0x0000000083b00000, 0x0000000083c00000, 0x0000000083c00000|100%| O|  |TAMS 0x0000000083c00000, 0x0000000083b00000| Untracked 
|  60|0x0000000083c00000, 0x0000000083d00000, 0x0000000083d00000|100%| O|  |TAMS 0x0000000083d00000, 0x0000000083c00000| Untracked 
|  61|0x0000000083d00000, 0x0000000083e00000, 0x0000000083e00000|100%| O|  |TAMS 0x0000000083e00000, 0x0000000083d00000| Untracked 
|  62|0x0000000083e00000, 0x0000000083f00000, 0x0000000083f00000|100%| O|  |TAMS 0x0000000083f00000, 0x0000000083e00000| Untracked 
|  63|0x0000000083f00000, 0x0000000084000000, 0x0000000084000000|100%| O|  |TAMS 0x0000000084000000, 0x0000000083f00000| Untracked 
|  64|0x0000000084000000, 0x0000000084100000, 0x0000000084100000|100%| O|  |TAMS 0x0000000084100000, 0x0000000084000000| Untracked 
|  65|0x0000000084100000, 0x0000000084200000, 0x0000000084200000|100%| O|  |TAMS 0x0000000084200000, 0x0000000084100000| Untracked 
|  66|0x0000000084200000, 0x0000000084300000, 0x0000000084300000|100%| O|  |TAMS 0x0000000084300000, 0x0000000084200000| Untracked 
|  67|0x0000000084300000, 0x0000000084400000, 0x0000000084400000|100%| O|  |TAMS 0x0000000084400000, 0x0000000084300000| Untracked 
|  68|0x0000000084400000, 0x0000000084500000, 0x0000000084500000|100%| O|  |TAMS 0x0000000084500000, 0x0000000084400000| Untracked 
|  69|0x0000000084500000, 0x0000000084600000, 0x0000000084600000|100%| O|  |TAMS 0x0000000084600000, 0x0000000084500000| Untracked 
|  70|0x0000000084600000, 0x0000000084700000, 0x0000000084700000|100%| O|  |TAMS 0x0000000084700000, 0x0000000084600000| Untracked 
|  71|0x0000000084700000, 0x0000000084800000, 0x0000000084800000|100%| O|  |TAMS 0x0000000084800000, 0x0000000084700000| Untracked 
|  72|0x0000000084800000, 0x0000000084900000, 0x0000000084900000|100%| O|  |TAMS 0x0000000084900000, 0x0000000084800000| Untracked 
|  73|0x0000000084900000, 0x0000000084a00000, 0x0000000084a00000|100%| O|  |TAMS 0x0000000084a00000, 0x0000000084900000| Untracked 
|  74|0x0000000084a00000, 0x0000000084b00000, 0x0000000084b00000|100%| O|  |TAMS 0x0000000084a74200, 0x0000000084a00000| Untracked 
|  75|0x0000000084b00000, 0x0000000084c00000, 0x0000000084c00000|100%| O|  |TAMS 0x0000000084b00000, 0x0000000084b00000| Untracked 
|  76|0x0000000084c00000, 0x0000000084d00000, 0x0000000084d00000|100%| O|  |TAMS 0x0000000084c00000, 0x0000000084c00000| Untracked 
|  77|0x0000000084d00000, 0x0000000084e00000, 0x0000000084e00000|100%| O|  |TAMS 0x0000000084d00000, 0x0000000084d00000| Untracked 
|  78|0x0000000084e00000, 0x0000000084f00000, 0x0000000084f00000|100%| O|  |TAMS 0x0000000084e00000, 0x0000000084e00000| Untracked 
|  79|0x0000000084f00000, 0x0000000084f34800, 0x0000000085000000| 20%| O|  |TAMS 0x0000000084f00000, 0x0000000084f00000| Untracked 
|  80|0x0000000085000000, 0x0000000085000000, 0x0000000085100000|  0%| F|  |TAMS 0x0000000085000000, 0x0000000085000000| Untracked 
|  81|0x0000000085100000, 0x0000000085100000, 0x0000000085200000|  0%| F|  |TAMS 0x0000000085100000, 0x0000000085100000| Untracked 
|  82|0x0000000085200000, 0x0000000085200000, 0x0000000085300000|  0%| F|  |TAMS 0x0000000085200000, 0x0000000085200000| Untracked 
|  83|0x0000000085300000, 0x0000000085300000, 0x0000000085400000|  0%| F|  |TAMS 0x0000000085300000, 0x0000000085300000| Untracked 
|  84|0x0000000085400000, 0x0000000085400000, 0x0000000085500000|  0%| F|  |TAMS 0x0000000085400000, 0x0000000085400000| Untracked 
|  85|0x0000000085500000, 0x0000000085500000, 0x0000000085600000|  0%| F|  |TAMS 0x0000000085500000, 0x0000000085500000| Untracked 
|  86|0x0000000085600000, 0x0000000085600000, 0x0000000085700000|  0%| F|  |TAMS 0x0000000085600000, 0x0000000085600000| Untracked 
|  87|0x0000000085700000, 0x0000000085700000, 0x0000000085800000|  0%| F|  |TAMS 0x0000000085700000, 0x0000000085700000| Untracked 
|  88|0x0000000085800000, 0x0000000085800000, 0x0000000085900000|  0%| F|  |TAMS 0x0000000085800000, 0x0000000085800000| Untracked 
|  89|0x0000000085900000, 0x0000000085900000, 0x0000000085a00000|  0%| F|  |TAMS 0x0000000085900000, 0x0000000085900000| Untracked 
|  90|0x0000000085a00000, 0x0000000085a00000, 0x0000000085b00000|  0%| F|  |TAMS 0x0000000085a00000, 0x0000000085a00000| Untracked 
|  91|0x0000000085b00000, 0x0000000085b00000, 0x0000000085c00000|  0%| F|  |TAMS 0x0000000085b00000, 0x0000000085b00000| Untracked 
|  92|0x0000000085c00000, 0x0000000085c00000, 0x0000000085d00000|  0%| F|  |TAMS 0x0000000085c00000, 0x0000000085c00000| Untracked 
|  93|0x0000000085d00000, 0x0000000085d00000, 0x0000000085e00000|  0%| F|  |TAMS 0x0000000085d00000, 0x0000000085d00000| Untracked 
|  94|0x0000000085e00000, 0x0000000085e00000, 0x0000000085f00000|  0%| F|  |TAMS 0x0000000085e00000, 0x0000000085e00000| Untracked 
|  95|0x0000000085f00000, 0x0000000085f00000, 0x0000000086000000|  0%| F|  |TAMS 0x0000000085f00000, 0x0000000085f00000| Untracked 
|  96|0x0000000086000000, 0x0000000086000000, 0x0000000086100000|  0%| F|  |TAMS 0x0000000086000000, 0x0000000086000000| Untracked 
|  97|0x0000000086100000, 0x0000000086100000, 0x0000000086200000|  0%| F|  |TAMS 0x0000000086100000, 0x0000000086100000| Untracked 
|  98|0x0000000086200000, 0x0000000086200000, 0x0000000086300000|  0%| F|  |TAMS 0x0000000086200000, 0x0000000086200000| Untracked 
|  99|0x0000000086300000, 0x0000000086300000, 0x0000000086400000|  0%| F|  |TAMS 0x0000000086300000, 0x0000000086300000| Untracked 
| 100|0x0000000086400000, 0x0000000086400000, 0x0000000086500000|  0%| F|  |TAMS 0x0000000086400000, 0x0000000086400000| Untracked 
| 101|0x0000000086500000, 0x0000000086500000, 0x0000000086600000|  0%| F|  |TAMS 0x0000000086500000, 0x0000000086500000| Untracked 
| 102|0x0000000086600000, 0x0000000086698048, 0x0000000086700000| 59%| S|CS|TAMS 0x0000000086600000, 0x0000000086600000| Complete 
| 103|0x0000000086700000, 0x0000000086800000, 0x0000000086800000|100%| S|CS|TAMS 0x0000000086700000, 0x0000000086700000| Complete 
| 104|0x0000000086800000, 0x0000000086800000, 0x0000000086900000|  0%| F|  |TAMS 0x0000000086800000, 0x0000000086800000| Untracked 
| 105|0x0000000086900000, 0x0000000086900000, 0x0000000086a00000|  0%| F|  |TAMS 0x0000000086900000, 0x0000000086900000| Untracked 
| 106|0x0000000086a00000, 0x0000000086a00000, 0x0000000086b00000|  0%| F|  |TAMS 0x0000000086a00000, 0x0000000086a00000| Untracked 
| 107|0x0000000086b00000, 0x0000000086b00000, 0x0000000086c00000|  0%| F|  |TAMS 0x0000000086b00000, 0x0000000086b00000| Untracked 
| 108|0x0000000086c00000, 0x0000000086c00000, 0x0000000086d00000|  0%| F|  |TAMS 0x0000000086c00000, 0x0000000086c00000| Untracked 
| 109|0x0000000086d00000, 0x0000000086d00000, 0x0000000086e00000|  0%| F|  |TAMS 0x0000000086d00000, 0x0000000086d00000| Untracked 
| 110|0x0000000086e00000, 0x0000000086e00000, 0x0000000086f00000|  0%| F|  |TAMS 0x0000000086e00000, 0x0000000086e00000| Untracked 
| 111|0x0000000086f00000, 0x0000000086f00000, 0x0000000087000000|  0%| F|  |TAMS 0x0000000086f00000, 0x0000000086f00000| Untracked 
| 112|0x0000000087000000, 0x0000000087000000, 0x0000000087100000|  0%| F|  |TAMS 0x0000000087000000, 0x0000000087000000| Untracked 
| 113|0x0000000087100000, 0x0000000087100000, 0x0000000087200000|  0%| F|  |TAMS 0x0000000087100000, 0x0000000087100000| Untracked 
| 114|0x0000000087200000, 0x0000000087200000, 0x0000000087300000|  0%| F|  |TAMS 0x0000000087200000, 0x0000000087200000| Untracked 
| 115|0x0000000087300000, 0x0000000087300000, 0x0000000087400000|  0%| F|  |TAMS 0x0000000087300000, 0x0000000087300000| Untracked 
| 116|0x0000000087400000, 0x0000000087400000, 0x0000000087500000|  0%| F|  |TAMS 0x0000000087400000, 0x0000000087400000| Untracked 
| 117|0x0000000087500000, 0x0000000087500000, 0x0000000087600000|  0%| F|  |TAMS 0x0000000087500000, 0x0000000087500000| Untracked 
| 118|0x0000000087600000, 0x0000000087600000, 0x0000000087700000|  0%| F|  |TAMS 0x0000000087600000, 0x0000000087600000| Untracked 
| 119|0x0000000087700000, 0x0000000087700000, 0x0000000087800000|  0%| F|  |TAMS 0x0000000087700000, 0x0000000087700000| Untracked 
| 120|0x0000000087800000, 0x0000000087800000, 0x0000000087900000|  0%| F|  |TAMS 0x0000000087800000, 0x0000000087800000| Untracked 
| 121|0x0000000087900000, 0x0000000087900000, 0x0000000087a00000|  0%| F|  |TAMS 0x0000000087900000, 0x0000000087900000| Untracked 
| 169|0x000000008a900000, 0x000000008a900000, 0x000000008aa00000|  0%| F|  |TAMS 0x000000008a900000, 0x000000008a900000| Untracked 
| 170|0x000000008aa00000, 0x000000008aa00000, 0x000000008ab00000|  0%| F|  |TAMS 0x000000008aa00000, 0x000000008aa00000| Untracked 
| 171|0x000000008ab00000, 0x000000008ab00000, 0x000000008ac00000|  0%| F|  |TAMS 0x000000008ab00000, 0x000000008ab00000| Untracked 
| 172|0x000000008ac00000, 0x000000008ac00000, 0x000000008ad00000|  0%| F|  |TAMS 0x000000008ac00000, 0x000000008ac00000| Untracked 
| 173|0x000000008ad00000, 0x000000008ad00000, 0x000000008ae00000|  0%| F|  |TAMS 0x000000008ad00000, 0x000000008ad00000| Untracked 
| 174|0x000000008ae00000, 0x000000008ae00000, 0x000000008af00000|  0%| F|  |TAMS 0x000000008ae00000, 0x000000008ae00000| Untracked 
| 175|0x000000008af00000, 0x000000008af00000, 0x000000008b000000|  0%| F|  |TAMS 0x000000008af00000, 0x000000008af00000| Untracked 
| 176|0x000000008b000000, 0x000000008b000000, 0x000000008b100000|  0%| F|  |TAMS 0x000000008b000000, 0x000000008b000000| Untracked 
| 177|0x000000008b100000, 0x000000008b1bc070, 0x000000008b200000| 73%| E|  |TAMS 0x000000008b100000, 0x000000008b100000| Complete 
| 223|0x000000008df00000, 0x000000008e000000, 0x000000008e000000|100%| E|CS|TAMS 0x000000008df00000, 0x000000008df00000| Complete 

Card table byte_map: [0x0000020456b20000,0x0000020456f20000] _byte_map_base: 0x0000020456720000

Marking Bits (Prev, Next): (CMBitMap*) 0x0000020443f890b0, (CMBitMap*) 0x0000020443f890f0
 Prev Bits: [0x0000020457320000, 0x0000020459320000)
 Next Bits: [0x0000020459320000, 0x000002045b320000)

Polling page: 0x00000204436f0000

Metaspace:

Usage:
  Non-class:     74.31 MB used.
      Class:     11.45 MB used.
       Both:     85.76 MB used.

Virtual space:
  Non-class space:       80.00 MB reserved,      74.56 MB ( 93%) committed,  10 nodes.
      Class space:        1.00 GB reserved,      11.75 MB (  1%) committed,  1 nodes.
             Both:        1.08 GB reserved,      86.31 MB (  8%) committed. 

Chunk freelists:
   Non-Class:  1.12 MB
       Class:  304.00 KB
        Both:  1.42 MB

MaxMetaspaceSize: unlimited
CompressedClassSpaceSize: 1.00 GB
Initial GC threshold: 21.00 MB
Current GC threshold: 137.62 MB
CDS: off
MetaspaceReclaimPolicy: balanced
 - commit_granule_bytes: 65536.
 - commit_granule_words: 8192.
 - virtual_space_node_default_size: 1048576.
 - enlarge_chunks_in_place: 1.
 - new_chunks_are_fully_committed: 0.
 - uncommit_free_chunks: 1.
 - use_allocation_guard: 0.
 - handle_deallocations: 1.


Internal statistics:

num_allocs_failed_limit: 8.
num_arena_births: 736.
num_arena_deaths: 0.
num_vsnodes_births: 11.
num_vsnodes_deaths: 0.
num_space_committed: 1381.
num_space_uncommitted: 0.
num_chunks_returned_to_freelist: 8.
num_chunks_taken_from_freelist: 3815.
num_chunk_merges: 0.
num_chunk_splits: 2564.
num_chunks_enlarged: 1767.
num_purges: 0.
num_inconsistent_stats: 0.

CodeHeap 'non-profiled nmethods': size=120000Kb used=5683Kb max_used=6096Kb free=114316Kb
 bounds [0x000002044eec0000, 0x000002044f4c0000, 0x00000204563f0000]
CodeHeap 'profiled nmethods': size=120000Kb used=16242Kb max_used=17496Kb free=103757Kb
 bounds [0x00000204473f0000, 0x0000020448510000, 0x000002044e920000]
CodeHeap 'non-nmethods': size=5760Kb used=2372Kb max_used=2442Kb free=3387Kb
 bounds [0x000002044e920000, 0x000002044eba0000, 0x000002044eec0000]
 total_blobs=9527 nmethods=8624 adapters=815
 compilation: enabled
              stopped_count=0, restarted_count=0
 full_count=0

Compilation events (20 events):
Event: 28.100 Thread 0x000002045e8773d0 nmethod 10171 0x0000020447b33e10 code [0x0000020447b33fc0, 0x0000020447b34148]
Event: 28.100 Thread 0x000002045e8773d0 10170       3       kotlin.reflect.jvm.internal.impl.name.FqNameUnsafe::asString (13 bytes)
Event: 28.100 Thread 0x000002045e8773d0 nmethod 10170 0x0000020447b33a10 code [0x0000020447b33bc0, 0x0000020447b33d48]
Event: 28.100 Thread 0x000002045e8773d0 10172       3       kotlin.reflect.jvm.internal.impl.name.FqName::<init> (26 bytes)
Event: 28.101 Thread 0x000002045e8773d0 nmethod 10172 0x0000020447b96910 code [0x0000020447b96ae0, 0x0000020447b96f78]
Event: 28.199 Thread 0x000002045e8773d0 10173       3       kotlin.reflect.jvm.internal.ReflectProperties$Val::<init> (5 bytes)
Event: 28.200 Thread 0x000002045e8773d0 nmethod 10173 0x0000020448031310 code [0x00000204480314a0, 0x00000204480315f8]
Event: 28.200 Thread 0x000002045e8773d0 10174       3       kotlin.jvm.internal.Reflection::getOrCreateKotlinClass (8 bytes)
Event: 28.200 Thread 0x000002045e8773d0 nmethod 10174 0x0000020447b33510 code [0x0000020447b336c0, 0x0000020447b33848]
Event: 28.200 Thread 0x000002045e8773d0 10175       3       kotlin.reflect.jvm.internal.ReflectionFactoryImpl::getOrCreateKotlinClass (5 bytes)
Event: 28.200 Thread 0x000002045e8773d0 nmethod 10175 0x000002044809b310 code [0x000002044809b4a0, 0x000002044809b5e8]
Event: 28.304 Thread 0x000002045e86bd50 10176   !   4       java.net.URLClassLoader::findClass (47 bytes)
Event: 28.543 Thread 0x000002045e8773d0 10179       3       kotlin.reflect.jvm.internal.impl.name.FqNameUnsafe::<init> (28 bytes)
Event: 28.544 Thread 0x000002045e8773d0 nmethod 10179 0x0000020447b96390 code [0x0000020447b96540, 0x0000020447b96848]
Event: 28.590 Thread 0x000002045e8773d0 10180       3       kotlin.reflect.jvm.internal.ReflectProperties::lazySoft (18 bytes)
Event: 28.590 Thread 0x000002045e8773d0 nmethod 10180 0x0000020447b95f10 code [0x0000020447b960c0, 0x0000020447b962b8]
Event: 28.590 Thread 0x000002045e8773d0 10181       3       kotlin.reflect.jvm.internal.ReflectProperties$LazySoftVal::<init> (43 bytes)
Event: 28.591 Thread 0x000002045e8773d0 nmethod 10181 0x0000020447cebb10 code [0x0000020447cebd20, 0x0000020447cec4e8]
Event: 28.631 Thread 0x000002045e8773d0 10182       3       kotlin.reflect.jvm.internal.impl.name.FqNameUnsafe::hashCode (8 bytes)
Event: 28.632 Thread 0x000002045e8773d0 nmethod 10182 0x0000020447ceb490 code [0x0000020447ceb640, 0x0000020447ceb788]

GC Heap History (20 events):
Event: 19.772 GC heap before
{Heap before GC invocations=34 (full 0):
 garbage-first heap   total 122880K, used 63203K [0x0000000080000000, 0x0000000100000000)
  region size 1024K, 6 young (6144K), 2 survivors (2048K)
 Metaspace       used 70002K, committed 70528K, reserved 1114112K
  class space    used 9155K, committed 9408K, reserved 1048576K
}
Event: 19.775 GC heap after
{Heap after GC invocations=35 (full 0):
 garbage-first heap   total 122880K, used 59481K [0x0000000080000000, 0x0000000100000000)
  region size 1024K, 1 young (1024K), 1 survivors (1024K)
 Metaspace       used 70002K, committed 70528K, reserved 1114112K
  class space    used 9155K, committed 9408K, reserved 1048576K
}
Event: 21.446 GC heap before
{Heap before GC invocations=35 (full 0):
 garbage-first heap   total 122880K, used 97369K [0x0000000080000000, 0x0000000100000000)
  region size 1024K, 38 young (38912K), 1 survivors (1024K)
 Metaspace       used 73983K, committed 74496K, reserved 1114112K
  class space    used 9809K, committed 10048K, reserved 1048576K
}
Event: 21.452 GC heap after
{Heap after GC invocations=36 (full 0):
 garbage-first heap   total 122880K, used 62299K [0x0000000080000000, 0x0000000100000000)
  region size 1024K, 3 young (3072K), 3 survivors (3072K)
 Metaspace       used 73983K, committed 74496K, reserved 1114112K
  class space    used 9809K, committed 10048K, reserved 1048576K
}
Event: 22.796 GC heap before
{Heap before GC invocations=37 (full 0):
 garbage-first heap   total 122880K, used 99163K [0x0000000080000000, 0x0000000100000000)
  region size 1024K, 39 young (39936K), 3 survivors (3072K)
 Metaspace       used 79154K, committed 79680K, reserved 1122304K
  class space    used 10552K, committed 10752K, reserved 1048576K
}
Event: 22.802 GC heap after
{Heap after GC invocations=38 (full 0):
 garbage-first heap   total 122880K, used 64736K [0x0000000080000000, 0x0000000100000000)
  region size 1024K, 3 young (3072K), 3 survivors (3072K)
 Metaspace       used 79154K, committed 79680K, reserved 1122304K
  class space    used 10552K, committed 10752K, reserved 1048576K
}
Event: 23.727 GC heap before
{Heap before GC invocations=38 (full 0):
 garbage-first heap   total 122880K, used 100576K [0x0000000080000000, 0x0000000100000000)
  region size 1024K, 38 young (38912K), 3 survivors (3072K)
 Metaspace       used 80434K, committed 80960K, reserved 1122304K
  class space    used 10719K, committed 10944K, reserved 1048576K
}
Event: 23.734 GC heap after
{Heap after GC invocations=39 (full 0):
 garbage-first heap   total 122880K, used 69739K [0x0000000080000000, 0x0000000100000000)
  region size 1024K, 5 young (5120K), 5 survivors (5120K)
 Metaspace       used 80434K, committed 80960K, reserved 1122304K
  class space    used 10719K, committed 10944K, reserved 1048576K
}
Event: 24.439 GC heap before
{Heap before GC invocations=40 (full 0):
 garbage-first heap   total 122880K, used 99435K [0x0000000080000000, 0x0000000100000000)
  region size 1024K, 34 young (34816K), 5 survivors (5120K)
 Metaspace       used 82182K, committed 82752K, reserved 1122304K
  class space    used 10891K, committed 11200K, reserved 1048576K
}
Event: 24.450 GC heap after
{Heap after GC invocations=41 (full 0):
 garbage-first heap   total 122880K, used 75499K [0x0000000080000000, 0x0000000100000000)
  region size 1024K, 5 young (5120K), 5 survivors (5120K)
 Metaspace       used 82182K, committed 82752K, reserved 1122304K
  class space    used 10891K, committed 11200K, reserved 1048576K
}
Event: 24.482 GC heap before
{Heap before GC invocations=41 (full 0):
 garbage-first heap   total 122880K, used 76523K [0x0000000080000000, 0x0000000100000000)
  region size 1024K, 6 young (6144K), 5 survivors (5120K)
 Metaspace       used 82323K, committed 82880K, reserved 1122304K
  class space    used 10917K, committed 11200K, reserved 1048576K
}
Event: 24.487 GC heap after
{Heap after GC invocations=42 (full 0):
 garbage-first heap   total 122880K, used 75948K [0x0000000080000000, 0x0000000100000000)
  region size 1024K, 1 young (1024K), 1 survivors (1024K)
 Metaspace       used 82323K, committed 82880K, reserved 1122304K
  class space    used 10917K, committed 11200K, reserved 1048576K
}
Event: 26.012 GC heap before
{Heap before GC invocations=42 (full 0):
 garbage-first heap   total 122880K, used 98476K [0x0000000080000000, 0x0000000100000000)
  region size 1024K, 24 young (24576K), 1 survivors (1024K)
 Metaspace       used 83971K, committed 84544K, reserved 1122304K
  class space    used 11207K, committed 11456K, reserved 1048576K
}
Event: 26.018 GC heap after
{Heap after GC invocations=43 (full 0):
 garbage-first heap   total 122880K, used 78031K [0x0000000080000000, 0x0000000100000000)
  region size 1024K, 3 young (3072K), 3 survivors (3072K)
 Metaspace       used 83971K, committed 84544K, reserved 1122304K
  class space    used 11207K, committed 11456K, reserved 1048576K
}
Event: 26.899 GC heap before
{Heap before GC invocations=44 (full 0):
 garbage-first heap   total 135168K, used 99535K [0x0000000080000000, 0x0000000100000000)
  region size 1024K, 25 young (25600K), 3 survivors (3072K)
 Metaspace       used 84145K, committed 84736K, reserved 1122304K
  class space    used 11211K, committed 11520K, reserved 1048576K
}
Event: 26.904 GC heap after
{Heap after GC invocations=45 (full 0):
 garbage-first heap   total 135168K, used 79145K [0x0000000080000000, 0x0000000100000000)
  region size 1024K, 2 young (2048K), 2 survivors (2048K)
 Metaspace       used 84145K, committed 84736K, reserved 1122304K
  class space    used 11211K, committed 11520K, reserved 1048576K
}
Event: 27.646 GC heap before
{Heap before GC invocations=45 (full 0):
 garbage-first heap   total 135168K, used 107817K [0x0000000080000000, 0x0000000100000000)
  region size 1024K, 31 young (31744K), 2 survivors (2048K)
 Metaspace       used 84494K, committed 85056K, reserved 1130496K
  class space    used 11244K, committed 11520K, reserved 1048576K
}
Event: 27.650 GC heap after
{Heap after GC invocations=46 (full 0):
 garbage-first heap   total 135168K, used 81175K [0x0000000080000000, 0x0000000100000000)
  region size 1024K, 4 young (4096K), 4 survivors (4096K)
 Metaspace       used 84494K, committed 85056K, reserved 1130496K
  class space    used 11244K, committed 11520K, reserved 1048576K
}
Event: 28.727 GC heap before
{Heap before GC invocations=46 (full 0):
 garbage-first heap   total 135168K, used 108823K [0x0000000080000000, 0x0000000100000000)
  region size 1024K, 32 young (32768K), 4 survivors (4096K)
 Metaspace       used 87579K, committed 88128K, reserved 1130496K
  class space    used 11686K, committed 11968K, reserved 1048576K
}
Event: 28.734 GC heap after
{Heap after GC invocations=47 (full 0):
 garbage-first heap   total 135168K, used 82738K [0x0000000080000000, 0x0000000100000000)
  region size 1024K, 2 young (2048K), 2 survivors (2048K)
 Metaspace       used 87579K, committed 88128K, reserved 1130496K
  class space    used 11686K, committed 11968K, reserved 1048576K
}

Dll operation events (2 events):
Event: 0.022 Loaded shared library C:\Program Files\Android\Android Studio\jbr\bin\java.dll
Event: 0.679 Loaded shared library C:\Program Files\Android\Android Studio\jbr\bin\verify.dll

Deoptimization events (20 events):
Event: 27.560 Thread 0x000002046142c950 Uncommon trap: trap_request=0xffffff45 fr.pc=0x000002044f45cd00 relative=0x0000000000000be0
Event: 27.560 Thread 0x000002046142c950 Uncommon trap: reason=unstable_if action=reinterpret pc=0x000002044f45cd00 method=org.gradle.internal.snapshot.VfsRelativePath.lengthOfCommonPrefix(Ljava/lang/String;Lorg/gradle/internal/snapshot/CaseSensitivity;)I @ 107 c2
Event: 27.560 Thread 0x000002046142c950 DEOPT PACKING pc=0x000002044f45cd00 sp=0x00000089e75fc8b0
Event: 27.560 Thread 0x000002046142c950 DEOPT UNPACKING pc=0x000002044e9769a3 sp=0x00000089e75fc838 mode 2
Event: 27.587 Thread 0x000002046142c950 Uncommon trap: trap_request=0xffffff45 fr.pc=0x000002044f1f4574 relative=0x00000000000005b4
Event: 27.587 Thread 0x000002046142c950 Uncommon trap: reason=unstable_if action=reinterpret pc=0x000002044f1f4574 method=sun.security.provider.DigestBase.engineUpdate([BII)V @ 1 c2
Event: 27.587 Thread 0x000002046142c950 DEOPT PACKING pc=0x000002044f1f4574 sp=0x00000089e75f9d50
Event: 27.587 Thread 0x000002046142c950 DEOPT UNPACKING pc=0x000002044e9769a3 sp=0x00000089e75f9d08 mode 2
Event: 27.652 Thread 0x000002046142c950 Uncommon trap: trap_request=0xffffffc6 fr.pc=0x000002044f35a0ac relative=0x000000000000144c
Event: 27.652 Thread 0x000002046142c950 Uncommon trap: reason=bimorphic_or_optimized_type_check action=maybe_recompile pc=0x000002044f35a0ac method=org.gradle.internal.snapshot.SnapshotUtil$1.handleAsDescendantOfChild(Lorg/gradle/internal/snapshot/VfsRelativePath;Lorg/gradle/internal/snapshot/F
Event: 27.652 Thread 0x000002046142c950 DEOPT PACKING pc=0x000002044f35a0ac sp=0x00000089e75fb6e0
Event: 27.652 Thread 0x000002046142c950 DEOPT UNPACKING pc=0x000002044e9769a3 sp=0x00000089e75fb5d0 mode 2
Event: 27.953 Thread 0x000002046142c950 Uncommon trap: trap_request=0xfffffff4 fr.pc=0x000002044f47a218 relative=0x0000000000000918
Event: 27.953 Thread 0x000002046142c950 Uncommon trap: reason=null_check action=make_not_entrant pc=0x000002044f47a218 method=org.gradle.tooling.internal.provider.runner.SubtreeFilteringBuildOperationListener.started(Lorg/gradle/internal/operations/BuildOperationDescriptor;Lorg/gradle/internal/
Event: 27.953 Thread 0x000002046142c950 DEOPT PACKING pc=0x000002044f47a218 sp=0x00000089e75fd760
Event: 27.953 Thread 0x000002046142c950 DEOPT UNPACKING pc=0x000002044e9769a3 sp=0x00000089e75fd710 mode 2
Event: 27.985 Thread 0x000002046142c950 Uncommon trap: trap_request=0xffffff76 fr.pc=0x000002044ef4be88 relative=0x0000000000000a88
Event: 27.985 Thread 0x000002046142c950 Uncommon trap: reason=predicate action=maybe_recompile pc=0x000002044ef4be88 method=com.google.common.collect.RegularImmutableMap.fromEntryArray(I[Ljava/util/Map$Entry;)Lcom/google/common/collect/ImmutableMap; @ 59 c2
Event: 27.985 Thread 0x000002046142c950 DEOPT PACKING pc=0x000002044ef4be88 sp=0x00000089e75fc440
Event: 27.986 Thread 0x000002046142c950 DEOPT UNPACKING pc=0x000002044e9769a3 sp=0x00000089e75fc3d8 mode 2

Classes unloaded (0 events):
No events

Classes redefined (0 events):
No events

Internal exceptions (20 events):
Event: 24.382 Thread 0x000002045fe7a950 Exception <a 'sun/nio/fs/WindowsException'{0x0000000085d3ae20}> (0x0000000085d3ae20) 
thrown [s\src\hotspot\share\prims\jni.cpp, line 517]
Event: 24.482 Thread 0x000002045f91c700 Exception <a 'java/lang/NoSuchMethodError'{0x000000008dffd2c0}: static Lorg/gradle/internal/build/event/types/DefaultTaskStartedProgressEvent;.<clinit>()V> (0x000000008dffd2c0) 
thrown [s\src\hotspot\share\prims\jni.cpp, line 1108]
Event: 24.489 Thread 0x000002045f91c700 Exception <a 'java/lang/NoSuchMethodError'{0x000000008df36950}: static Lorg/gradle/internal/build/event/types/DefaultTaskDescriptor;.<clinit>()V> (0x000000008df36950) 
thrown [s\src\hotspot\share\prims\jni.cpp, line 1108]
Event: 24.511 Thread 0x000002045f91c700 Exception <a 'java/lang/NoSuchMethodError'{0x000000008b030688}: static Lorg/gradle/internal/build/event/types/DefaultTaskFinishedProgressEvent;.<clinit>()V> (0x000000008b030688) 
thrown [s\src\hotspot\share\prims\jni.cpp, line 1108]
Event: 24.518 Thread 0x000002045f91c700 Exception <a 'java/lang/NoSuchMethodError'{0x000000008b070328}: static Lorg/gradle/internal/build/event/types/DefaultTaskSuccessResult;.<clinit>()V> (0x000000008b070328) 
thrown [s\src\hotspot\share\prims\jni.cpp, line 1108]
Event: 24.518 Thread 0x000002045f91c700 Exception <a 'java/lang/NoSuchMethodError'{0x000000008b0717d8}: static Lorg/gradle/internal/build/event/types/AbstractTaskResult;.<clinit>()V> (0x000000008b0717d8) 
thrown [s\src\hotspot\share\prims\jni.cpp, line 1108]
Event: 24.586 Thread 0x000002046142d2f0 Exception <a 'java/lang/NoSuchMethodError'{0x000000008af58ad8}: static Lcom/android/ide/common/attribution/AndroidGradlePluginAttributionData$BuildInfo;.<clinit>()V> (0x000000008af58ad8) 
thrown [s\src\hotspot\share\prims\jni.cpp, line 1108]
Event: 24.593 Thread 0x000002046142d2f0 Exception <a 'java/lang/NoSuchMethodError'{0x000000008af952f8}: static Lcom/android/ide/common/attribution/AndroidGradlePluginAttributionData$JavaInfo;.<clinit>()V> (0x000000008af952f8) 
thrown [s\src\hotspot\share\prims\jni.cpp, line 1108]
Event: 24.597 Thread 0x000002046142d2f0 Exception <a 'java/lang/NoSuchMethodError'{0x000000008afbe8d8}: static [Ljava/lang/String;.<clinit>()V> (0x000000008afbe8d8) 
thrown [s\src\hotspot\share\prims\jni.cpp, line 1108]
Event: 24.671 Thread 0x000002046142c950 Exception <a 'java/lang/IncompatibleClassChangeError'{0x000000008ae25c78}: Found class java.lang.Object, but interface was expected> (0x000000008ae25c78) 
thrown [s\src\hotspot\share\interpreter\linkResolver.cpp, line 838]
Event: 24.744 Thread 0x000002046142c950 Exception <a 'java/lang/NoSuchMethodError'{0x000000008aedd4b0}: 'java.lang.Object java.lang.invoke.DirectMethodHandle$Holder.invokeInterface(java.lang.Object, java.lang.Object, int)'> (0x000000008aedd4b0) 
thrown [s\src\hotspot\share\interpreter\linkResolver.cpp, line 771]
Event: 24.745 Thread 0x000002045f91c700 Exception <a 'java/lang/NoSuchMethodError'{0x000000008aef0240}: static Lorg/gradle/internal/build/event/types/DefaultTaskSkippedResult;.<clinit>()V> (0x000000008aef0240) 
thrown [s\src\hotspot\share\prims\jni.cpp, line 1108]
Event: 24.754 Thread 0x000002046142c950 Exception <a 'java/lang/NoSuchMethodError'{0x000000008aef7888}: 'void java.lang.invoke.DirectMethodHandle$Holder.invokeStatic(java.lang.Object, java.lang.Object, java.lang.Object, int)'> (0x000000008aef7888) 
thrown [s\src\hotspot\share\interpreter\linkResolver.cpp, line 771]
Event: 24.906 Thread 0x000002046142c950 Exception <a 'java/lang/IncompatibleClassChangeError'{0x000000008adedb20}: Found class java.lang.Object, but interface was expected> (0x000000008adedb20) 
thrown [s\src\hotspot\share\interpreter\linkResolver.cpp, line 838]
Event: 24.916 Thread 0x000002046142c950 Exception <a 'java/lang/IncompatibleClassChangeError'{0x000000008ac175d8}: Found class java.lang.Object, but interface was expected> (0x000000008ac175d8) 
thrown [s\src\hotspot\share\interpreter\linkResolver.cpp, line 838]
Event: 24.970 Thread 0x000002046142c950 Exception <a 'java/lang/NoSuchMethodError'{0x000000008ab7fd18}: 'int java.lang.invoke.DirectMethodHandle$Holder.invokeStaticInit(java.lang.Object, java.lang.Object, java.lang.Object, java.lang.Object, java.lang.Object)'> (0x000000008ab7fd18) 
thrown [s\src\hotspot\share\interpreter\linkResolver.cpp, line 771]
Event: 25.654 Thread 0x000002046142c950 Exception <a 'java/lang/NoSuchMethodError'{0x000000008661c468}: 'void java.lang.invoke.DirectMethodHandle$Holder.invokeStatic(java.lang.Object, java.lang.Object, java.lang.Object, java.lang.Object, int, java.lang.Object, java.lang.Object)'> (0x000000008661c468) 
thrown [s\src\hotspot\share\interpreter\linkResolver.cpp, line 771]
Event: 25.709 Thread 0x0000020461fe00b0 Exception <a 'java/lang/NoSuchMethodError'{0x0000000086554e58}: 'java.lang.Object java.lang.invoke.DirectMethodHandle$Holder.invokeSpecialIFC(java.lang.Object, java.lang.Object, java.lang.Object)'> (0x0000000086554e58) 
thrown [s\src\hotspot\share\interpreter\linkResolver.cpp, line 771]
Event: 26.812 Thread 0x000002045f40c380 Exception <a 'java/lang/NoSuchMethodError'{0x000000008dfb8748}: 'void java.lang.invoke.DirectMethodHandle$Holder.invokeVirtual(java.lang.Object, java.lang.Object)'> (0x000000008dfb8748) 
thrown [s\src\hotspot\share\interpreter\linkResolver.cpp, line 771]
Event: 27.953 Thread 0x000002046142c950 Implicit null exception at 0x000002044f479aed to 0x000002044f47a1f8

VM Operations (20 events):
Event: 27.042 Executing VM operation: HandshakeAllThreads
Event: 27.043 Executing VM operation: HandshakeAllThreads done
Event: 27.066 Executing VM operation: HandshakeAllThreads
Event: 27.067 Executing VM operation: HandshakeAllThreads done
Event: 27.290 Executing VM operation: ICBufferFull
Event: 27.291 Executing VM operation: ICBufferFull done
Event: 27.353 Executing VM operation: HandshakeAllThreads
Event: 27.353 Executing VM operation: HandshakeAllThreads done
Event: 27.580 Executing VM operation: HandshakeAllThreads
Event: 27.580 Executing VM operation: HandshakeAllThreads done
Event: 27.645 Executing VM operation: ICBufferFull
Event: 27.645 Executing VM operation: ICBufferFull done
Event: 27.646 Executing VM operation: G1CollectForAllocation
Event: 27.650 Executing VM operation: G1CollectForAllocation done
Event: 27.948 Executing VM operation: HandshakeAllThreads
Event: 27.948 Executing VM operation: HandshakeAllThreads done
Event: 27.978 Executing VM operation: HandshakeAllThreads
Event: 27.979 Executing VM operation: HandshakeAllThreads done
Event: 28.727 Executing VM operation: G1CollectForAllocation
Event: 28.734 Executing VM operation: G1CollectForAllocation done

Events (20 events):
Event: 27.371 Thread 0x000002045e87ba60 flushing nmethod 0x00000204482bd590
Event: 27.371 Thread 0x000002045e87ba60 flushing nmethod 0x00000204482eb810
Event: 27.371 Thread 0x000002045e87ba60 flushing nmethod 0x0000020448309e10
Event: 27.371 Thread 0x000002045e87ba60 flushing nmethod 0x0000020448349510
Event: 27.371 Thread 0x000002045e87ba60 flushing nmethod 0x0000020448351b90
Event: 27.372 Thread 0x000002045e87ba60 flushing nmethod 0x0000020448388110
Event: 27.372 Thread 0x000002045e87ba60 flushing nmethod 0x000002044838b090
Event: 27.372 Thread 0x000002045e87ba60 flushing nmethod 0x000002044840e110
Event: 27.372 Thread 0x000002045e87ba60 flushing nmethod 0x000002044840f810
Event: 27.372 Thread 0x000002045e87ba60 flushing nmethod 0x0000020448410490
Event: 27.372 Thread 0x000002045e87ba60 flushing nmethod 0x0000020448415990
Event: 27.372 Thread 0x000002045e87ba60 flushing nmethod 0x0000020448417a90
Event: 27.372 Thread 0x000002045e87ba60 flushing nmethod 0x000002044841cf90
Event: 27.372 Thread 0x000002045e87ba60 flushing nmethod 0x000002044841d810
Event: 27.372 Thread 0x000002045e87ba60 flushing nmethod 0x000002044842e390
Event: 27.372 Thread 0x000002045e87ba60 flushing nmethod 0x0000020448433e90
Event: 27.372 Thread 0x000002045e87ba60 flushing nmethod 0x0000020448481210
Event: 27.896 Thread 0x0000020469d5d620 Thread exited: 0x0000020469d5d620
Event: 28.030 loading class jdk/internal/reflect/UnsafeQualifiedIntegerFieldAccessorImpl
Event: 28.030 loading class jdk/internal/reflect/UnsafeQualifiedIntegerFieldAccessorImpl done


Dynamic libraries:
0x00007ff76c2b0000 - 0x00007ff76c2ba000 	C:\Program Files\Android\Android Studio\jbr\bin\java.exe
0x00007ffa71d50000 - 0x00007ffa71f64000 	C:\WINDOWS\SYSTEM32\ntdll.dll
0x00007ffa70130000 - 0x00007ffa701f2000 	C:\WINDOWS\System32\KERNEL32.DLL
0x00007ffa6f2c0000 - 0x00007ffa6f663000 	C:\WINDOWS\System32\KERNELBASE.dll
0x00007ffa6fa10000 - 0x00007ffa6fb21000 	C:\WINDOWS\System32\ucrtbase.dll
0x00007ffa5e0b0000 - 0x00007ffa5e0cb000 	C:\Program Files\Android\Android Studio\jbr\bin\VCRUNTIME140.dll
0x00007ffa5e0d0000 - 0x00007ffa5e0e7000 	C:\Program Files\Android\Android Studio\jbr\bin\jli.dll
0x00007ffa5fd70000 - 0x00007ffa5fffe000 	C:\WINDOWS\WinSxS\amd64_microsoft.windows.common-controls_6595b64144ccf1df_6.0.22621.1635_none_270f70857386168e\COMCTL32.dll
0x00007ffa6fc30000 - 0x00007ffa6fcd7000 	C:\WINDOWS\System32\msvcrt.dll
0x00007ffa70280000 - 0x00007ffa702a9000 	C:\WINDOWS\System32\GDI32.dll
0x00007ffa6f670000 - 0x00007ffa6f696000 	C:\WINDOWS\System32\win32u.dll
0x00007ffa6f710000 - 0x00007ffa6f829000 	C:\WINDOWS\System32\gdi32full.dll
0x00007ffa6f8b0000 - 0x00007ffa6f94a000 	C:\WINDOWS\System32\msvcp_win.dll
0x00007ffa706c0000 - 0x00007ffa7086b000 	C:\WINDOWS\System32\USER32.dll
0x00007ffa6fce0000 - 0x00007ffa6fd11000 	C:\WINDOWS\System32\IMM32.DLL
0x00007ffa5e0a0000 - 0x00007ffa5e0ac000 	C:\Program Files\Android\Android Studio\jbr\bin\vcruntime140_1.dll
0x00007ffa5e010000 - 0x00007ffa5e09d000 	C:\Program Files\Android\Android Studio\jbr\bin\msvcp140.dll
0x00007ffa04ca0000 - 0x00007ffa0590d000 	C:\Program Files\Android\Android Studio\jbr\bin\server\jvm.dll
0x00007ffa71bd0000 - 0x00007ffa71c7e000 	C:\WINDOWS\System32\ADVAPI32.dll
0x00007ffa703f0000 - 0x00007ffa70494000 	C:\WINDOWS\System32\sechost.dll
0x00007ffa70870000 - 0x00007ffa70987000 	C:\WINDOWS\System32\RPCRT4.dll
0x00007ffa58070000 - 0x00007ffa58079000 	C:\WINDOWS\SYSTEM32\WSOCK32.dll
0x00007ffa70200000 - 0x00007ffa70271000 	C:\WINDOWS\System32\WS2_32.dll
0x00007ffa671d0000 - 0x00007ffa67204000 	C:\WINDOWS\SYSTEM32\WINMM.dll
0x00007ffa65100000 - 0x00007ffa6510a000 	C:\WINDOWS\SYSTEM32\VERSION.dll
0x00007ffa6e1a0000 - 0x00007ffa6e1b8000 	C:\WINDOWS\SYSTEM32\kernel.appcore.dll
0x00007ffa688b0000 - 0x00007ffa688ba000 	C:\Program Files\Android\Android Studio\jbr\bin\jimage.dll
0x00007ffa6cdd0000 - 0x00007ffa6cffe000 	C:\WINDOWS\SYSTEM32\DBGHELP.DLL
0x00007ffa709a0000 - 0x00007ffa70d29000 	C:\WINDOWS\System32\combase.dll
0x00007ffa6fb50000 - 0x00007ffa6fc27000 	C:\WINDOWS\System32\OLEAUT32.dll
0x00007ffa58be0000 - 0x00007ffa58c12000 	C:\WINDOWS\SYSTEM32\dbgcore.DLL
0x00007ffa6f830000 - 0x00007ffa6f8ab000 	C:\WINDOWS\System32\bcryptPrimitives.dll
0x00007ffa68880000 - 0x00007ffa688a5000 	C:\Program Files\Android\Android Studio\jbr\bin\java.dll
0x00007ffa68860000 - 0x00007ffa68878000 	C:\Program Files\Android\Android Studio\jbr\bin\zip.dll
0x00007ffa71370000 - 0x00007ffa71b6a000 	C:\WINDOWS\System32\SHELL32.dll
0x00007ffa6d150000 - 0x00007ffa6da1e000 	C:\WINDOWS\SYSTEM32\windows.storage.dll
0x00007ffa6d010000 - 0x00007ffa6d14e000 	C:\WINDOWS\SYSTEM32\wintypes.dll
0x00007ffa6ff50000 - 0x00007ffa70041000 	C:\WINDOWS\System32\SHCORE.dll
0x00007ffa71b70000 - 0x00007ffa71bce000 	C:\WINDOWS\System32\shlwapi.dll
0x00007ffa6f080000 - 0x00007ffa6f0a1000 	C:\WINDOWS\SYSTEM32\profapi.dll
0x00007ffa68840000 - 0x00007ffa68859000 	C:\Program Files\Android\Android Studio\jbr\bin\net.dll
0x00007ffa66180000 - 0x00007ffa662b7000 	C:\WINDOWS\SYSTEM32\WINHTTP.dll
0x00007ffa6e680000 - 0x00007ffa6e6e9000 	C:\WINDOWS\system32\mswsock.dll
0x00007ffa68820000 - 0x00007ffa68836000 	C:\Program Files\Android\Android Studio\jbr\bin\nio.dll
0x00007ffa687f0000 - 0x00007ffa68800000 	C:\Program Files\Android\Android Studio\jbr\bin\verify.dll
0x00007ffa5dfe0000 - 0x00007ffa5e007000 	C:\Users\Nguyen Thi Van\.gradle\native\e1d6ef7f7dcc3fd88c89a11ec53ec762bb8ba0a96d01ffa2cd45eb1d1d8dd5c5\windows-amd64\native-platform.dll
0x00007ffa5de90000 - 0x00007ffa5dfd4000 	C:\Users\Nguyen Thi Van\.gradle\native\5664cfc778a61ccfe75a443a1ab52a65af34e5dc3c78e0209fed803814484fcb\windows-amd64\native-platform-file-events.dll
0x00007ffa68810000 - 0x00007ffa68819000 	C:\Program Files\Android\Android Studio\jbr\bin\management.dll
0x00007ffa68800000 - 0x00007ffa6880b000 	C:\Program Files\Android\Android Studio\jbr\bin\management_ext.dll
0x00007ffa70370000 - 0x00007ffa70378000 	C:\WINDOWS\System32\PSAPI.DLL
0x00007ffa6e8e0000 - 0x00007ffa6e8fb000 	C:\WINDOWS\SYSTEM32\CRYPTSP.dll
0x00007ffa6e110000 - 0x00007ffa6e145000 	C:\WINDOWS\system32\rsaenh.dll
0x00007ffa6e780000 - 0x00007ffa6e7a8000 	C:\WINDOWS\SYSTEM32\USERENV.dll
0x00007ffa6eb00000 - 0x00007ffa6eb28000 	C:\WINDOWS\SYSTEM32\bcrypt.dll
0x00007ffa6e960000 - 0x00007ffa6e96c000 	C:\WINDOWS\SYSTEM32\CRYPTBASE.dll
0x00007ffa6dc80000 - 0x00007ffa6dcad000 	C:\WINDOWS\SYSTEM32\IPHLPAPI.DLL
0x00007ffa700a0000 - 0x00007ffa700a9000 	C:\WINDOWS\System32\NSI.dll
0x00007ffa66480000 - 0x00007ffa66499000 	C:\WINDOWS\SYSTEM32\dhcpcsvc6.DLL
0x00007ffa66440000 - 0x00007ffa6645f000 	C:\WINDOWS\SYSTEM32\dhcpcsvc.DLL
0x00007ffa6dcf0000 - 0x00007ffa6dde3000 	C:\WINDOWS\SYSTEM32\DNSAPI.dll
0x00007ffa682e0000 - 0x00007ffa682e8000 	C:\WINDOWS\system32\wshunix.dll

dbghelp: loaded successfully - version: 4.0.5 - missing functions: none
symbol engine: initialized successfully - sym options: 0x614 - pdb path: .;C:\Program Files\Android\Android Studio\jbr\bin;C:\WINDOWS\SYSTEM32;C:\WINDOWS\WinSxS\amd64_microsoft.windows.common-controls_6595b64144ccf1df_6.0.22621.1635_none_270f70857386168e;C:\Program Files\Android\Android Studio\jbr\bin\server;C:\Users\Nguyen Thi Van\.gradle\native\e1d6ef7f7dcc3fd88c89a11ec53ec762bb8ba0a96d01ffa2cd45eb1d1d8dd5c5\windows-amd64;C:\Users\Nguyen Thi Van\.gradle\native\5664cfc778a61ccfe75a443a1ab52a65af34e5dc3c78e0209fed803814484fcb\windows-amd64

VM Arguments:
jvm_args: --add-opens=java.base/java.util=ALL-UNNAMED --add-opens=java.base/java.lang=ALL-UNNAMED --add-opens=java.base/java.lang.invoke=ALL-UNNAMED --add-opens=java.base/java.util=ALL-UNNAMED --add-opens=java.prefs/java.util.prefs=ALL-UNNAMED --add-opens=java.prefs/java.util.prefs=ALL-UNNAMED --add-opens=java.base/java.nio.charset=ALL-UNNAMED --add-opens=java.base/java.net=ALL-UNNAMED --add-opens=java.base/java.util.concurrent.atomic=ALL-UNNAMED -Xmx2048m -Dfile.encoding=UTF-8 -Duser.country=US -Duser.language=en -Duser.variant 
java_command: org.gradle.launcher.daemon.bootstrap.GradleDaemon 7.2
java_class_path (initial): C:\Users\Nguyen Thi Van\.gradle\wrapper\dists\gradle-7.2-bin\2dnblmf4td7x66yl1d74lt32g\gradle-7.2\lib\gradle-launcher-7.2.jar
Launcher Type: SUN_STANDARD

[Global flags]
     intx CICompilerCount                          = 4                                         {product} {ergonomic}
     uint ConcGCThreads                            = 2                                         {product} {ergonomic}
     uint G1ConcRefinementThreads                  = 8                                         {product} {ergonomic}
   size_t G1HeapRegionSize                         = 1048576                                   {product} {ergonomic}
    uintx GCDrainStackTargetSize                   = 64                                        {product} {ergonomic}
   size_t InitialHeapSize                          = 234881024                                 {product} {ergonomic}
   size_t MarkStackSize                            = 4194304                                   {product} {ergonomic}
   size_t MaxHeapSize                              = 2147483648                                {product} {command line}
   size_t MaxNewSize                               = 1287651328                                {product} {ergonomic}
   size_t MinHeapDeltaBytes                        = 1048576                                   {product} {ergonomic}
   size_t MinHeapSize                              = 8388608                                   {product} {ergonomic}
    uintx NonNMethodCodeHeapSize                   = 5839372                                {pd product} {ergonomic}
    uintx NonProfiledCodeHeapSize                  = 122909434                              {pd product} {ergonomic}
    uintx ProfiledCodeHeapSize                     = 122909434                              {pd product} {ergonomic}
    uintx ReservedCodeCacheSize                    = 251658240                              {pd product} {ergonomic}
     bool SegmentedCodeCache                       = true                                      {product} {ergonomic}
   size_t SoftMaxHeapSize                          = 2147483648                             {manageable} {ergonomic}
     bool UseCompressedClassPointers               = true                           {product lp64_product} {ergonomic}
     bool UseCompressedOops                        = true                           {product lp64_product} {ergonomic}
     bool UseG1GC                                  = true                                      {product} {ergonomic}
     bool UseLargePagesIndividualAllocation        = false                                  {pd product} {ergonomic}

Logging:
Log output configuration:
 #0: stdout all=warning uptime,level,tags
 #1: stderr all=off uptime,level,tags

Environment Variables:
PATH=C:\Program Files\Common Files\Oracle\Java\javapath;C:\Windows\system32;C:\Windows;C:\Windows\System32\Wbem;C:\Windows\System32\WindowsPowerShell\v1.0\;C:\Windows\System32\OpenSSH\;C:\Program Files (x86)\NVIDIA Corporation\PhysX\Common;C:\Program Files\NVIDIA Corporation\NVIDIA NvDLISR;C:\Program Files\Azure Data Studio\bin;C:\Program Files (x86)\mingw-w64\i686-8.1.0-posix-dwarf-rt_v6-rev0;C:\Program Files\dotnet\;C:\Program Files\Microsoft SQL Server\Client SDK\ODBC\170\Tools\Binn\;C:\Program Files (x86)\Microsoft SQL Server\150\Tools\Binn\;C:\Program Files\Microsoft SQL Server\150\Tools\Binn\;C:\Program Files\Microsoft SQL Server\150\DTS\Binn\;C:\Program Files\Microsoft SQL Server\130\Tools\Binn\;C:\WINDOWS\system32;C:\WINDOWS;C:\WINDOWS\System32\Wbem;C:\WINDOWS\System32\WindowsPowerShell\v1.0\;C:\WINDOWS\System32\OpenSSH\;C:\Program Files\Git\cmd;C:\Program Files\TortoiseGit\bin;C:\Program Files\nodejs\;C:\Program Files\Cloudflare\Cloudflare WARP\;E:\flutter\flutter_windows_3.7.9-stable\flutter\bin;C:\Users\Nguyen Thi Van\AppData\Local\Microsoft\WindowsApps;C:\Users\Nguyen Thi Van\AppData\Local\Programs\Microsoft VS Code\bin;C:\Program Files\Azure Data Studio\bin;C:\Program Files\JetBrains\IntelliJ IDEA Community Edition 2021.1\bin;;C:\Users\Nguyen Thi Van\.dotnet\tools;C:\Users\Nguyen Thi Van\AppData\Roaming\npm;E:\flutter\flutter_windows_3.7.9-stable\flutter\bin;
USERNAME=Nguyen Hong Tam
OS=Windows_NT
PROCESSOR_IDENTIFIER=AMD64 Family 23 Model 24 Stepping 1, AuthenticAMD
TMP=C:\Users\NGUYEN~1\AppData\Local\Temp
TEMP=C:\Users\NGUYEN~1\AppData\Local\Temp



---------------  S Y S T E M  ---------------

OS:
 Windows 11 , 64 bit Build 22621 (10.0.22621.1778)
OS uptime: 1 days 7:11 hours

CPU: total 8 (initial active 8) (8 cores per cpu, 2 threads per core) family 23 model 24 stepping 1 microcode 0x0, cx8, cmov, fxsr, ht, mmx, 3dnowpref, sse, sse2, sse3, ssse3, sse4a, sse4.1, sse4.2, popcnt, lzcnt, tsc, tscinvbit, avx, avx2, aes, clmul, bmi1, bmi2, adx, sha, fma, vzeroupper, clflush, clflushopt

Memory: 4k page, system-wide physical 14273M (1722M free)
TotalPageFile size 18369M (AvailPageFile size 6M)
current process WorkingSet (physical memory assigned to process): 393M, peak: 396M
current process commit charge ("private bytes"): 429M, peak: 431M

vm_info: OpenJDK 64-Bit Server VM (17.0.6+0-b2043.56-9586694) for windows-amd64 JRE (17.0.6+0-b2043.56-9586694), built on Feb  9 2023 20:06:20 by "androidbuild" with MS VC++ 16.10 / 16.11 (VS2019)

END.
