#
# There is insufficient memory for the Java Runtime Environment to continue.
# Native memory allocation (malloc) failed to allocate 32744 bytes for ChunkPool::allocate
# Possible reasons:
#   The system is out of physical RAM or swap space
#   The process is running with CompressedOops enabled, and the Java Heap may be blocking the growth of the native heap
# Possible solutions:
#   Reduce memory load on the system
#   Increase physical memory or swap space
#   Check if swap backing store is full
#   Decrease Java heap size (-Xmx/-Xms)
#   Decrease number of Java threads
#   Decrease Java thread stack sizes (-Xss)
#   Set larger code cache with -XX:ReservedCodeCacheSize=
#   JVM is running with Unscaled Compressed Oops mode in which the Java heap is
#     placed in the first 4GB address space. The Java Heap base address is the
#     maximum limit for the native heap growth. Please use -XX:HeapBaseMinAddress
#     to set the Java Heap base and to place the Java Heap above 4GB virtual address.
# This output file may be truncated or incomplete.
#
#  Out of Memory Error (arena.cpp:78), pid=19920, tid=5596
#
# JRE version: OpenJDK Runtime Environment (17.0.6) (build 17.0.6+0-b2043.56-9586694)
# Java VM: OpenJDK 64-Bit Server VM (17.0.6+0-b2043.56-9586694, mixed mode, tiered, compressed oops, compressed class ptrs, g1 gc, windows-amd64)
# No core dump will be written. Minidumps are not enabled by default on client versions of Windows
#

---------------  S U M M A R Y ------------

Command Line: --add-opens=java.base/java.util=ALL-UNNAMED --add-opens=java.base/java.lang=ALL-UNNAMED --add-opens=java.base/java.lang.invoke=ALL-UNNAMED --add-opens=java.base/java.util=ALL-UNNAMED --add-opens=java.prefs/java.util.prefs=ALL-UNNAMED --add-opens=java.prefs/java.util.prefs=ALL-UNNAMED --add-opens=java.base/java.nio.charset=ALL-UNNAMED --add-opens=java.base/java.net=ALL-UNNAMED --add-opens=java.base/java.util.concurrent.atomic=ALL-UNNAMED -Xmx2048m -Dfile.encoding=UTF-8 -Duser.country=US -Duser.language=en -Duser.variant org.gradle.launcher.daemon.bootstrap.GradleDaemon 7.2

Host: AMD Ryzen 7 3750H with Radeon Vega Mobile Gfx  , 8 cores, 13G,  Windows 11 , 64 bit Build 22621 (10.0.22621.1778)
Time: Fri Jun 30 16:44:25 2023 SE Asia Standard Time elapsed time: 16.569332 seconds (0d 0h 0m 16s)

---------------  T H R E A D  ---------------

Current thread (0x000001c9a3eb4410):  JavaThread "C2 CompilerThread2" daemon [_thread_in_native, id=5596, stack(0x00000026d7e00000,0x00000026d7f00000)]


Current CompileTask:
C2:  16569 6869       4       java.lang.Class::getMethodsRecursive (99 bytes)

Stack: [0x00000026d7e00000,0x00000026d7f00000]
Native frames: (J=compiled Java code, j=interpreted, Vv=VM code, C=native code)
V  [jvm.dll+0x683b4a]
V  [jvm.dll+0x842654]
V  [jvm.dll+0x843dfe]
V  [jvm.dll+0x844463]
V  [jvm.dll+0x249b75]
V  [jvm.dll+0xabecc]
V  [jvm.dll+0xac27c]
V  [jvm.dll+0x36dad2]
V  [jvm.dll+0x56ba26]
V  [jvm.dll+0x332f60]
V  [jvm.dll+0x3323da]
V  [jvm.dll+0x21c201]
V  [jvm.dll+0x21b621]
V  [jvm.dll+0x1a4fdd]
V  [jvm.dll+0x22b098]
V  [jvm.dll+0x229159]
V  [jvm.dll+0x7f809c]
V  [jvm.dll+0x7f25fa]
V  [jvm.dll+0x682985]
C  [ucrtbase.dll+0x29363]
C  [KERNEL32.DLL+0x126ad]
C  [ntdll.dll+0x5a9f8]


---------------  P R O C E S S  ---------------

Threads class SMR info:
_java_thread_list=0x000001c9a0331960, length=126, elements={
0x000001c98506b280, 0x000001c99f842010, 0x000001c99f843360, 0x000001c99f82df90,
0x000001c99f82e850, 0x000001c99f82f400, 0x000001c99f869010, 0x000001c99f870020,
0x000001c99f871260, 0x000001c99f877080, 0x000001c99f9e25b0, 0x000001c99f9e2a80,
0x000001c9a0fb2490, 0x000001c9a20e1750, 0x000001c9a236faa0, 0x000001c9a095aca0,
0x000001c9a0959ca0, 0x000001c9a128ca60, 0x000001c9a122d470, 0x000001c9a0673ed0,
0x000001c9a0675bb0, 0x000001c9a0676550, 0x000001c9a06743a0, 0x000001c9a0676080,
0x000001c9a0676a20, 0x000001c9a0673060, 0x000001c9a0674d40, 0x000001c9a0675210,
0x000001c9a0673530, 0x000001c9a0673a00, 0x000001c9a38a5da0, 0x000001c9a38a4590,
0x000001c9a38a1570, 0x000001c9a38a4f30, 0x000001c9a38a0700, 0x000001c9a38a3250,
0x000001c9a38a4a60, 0x000001c9a38a6270, 0x000001c9a38a6c10, 0x000001c9a38a1a40,
0x000001c9a38a10a0, 0x000001c9a38a1f10, 0x000001c9a38a40c0, 0x000001c9a38a23e0,
0x000001c9a38a5400, 0x000001c9a389fd60, 0x000001c9a38a28b0, 0x000001c9a38a2d80,
0x000001c9a38a3720, 0x000001c9a38a3bf0, 0x000001c9a2552910, 0x000001c9a2557ae0,
0x000001c9a2552440, 0x000001c9a2557610, 0x000001c9a2553c50, 0x000001c9a2558950,
0x000001c9a2558480, 0x000001c9a2554f90, 0x000001c9a25562d0, 0x000001c9a2558e20,
0x000001c9a2557fb0, 0x000001c9a25592f0, 0x000001c9a2557140, 0x000001c9a25567a0,
0x000001c9a2552de0, 0x000001c9a2554ac0, 0x000001c9a2556c70, 0x000001c9a2555460,
0x000001c9a2551f70, 0x000001c9a2555930, 0x000001c9a2554120, 0x000001c9a25597c0,
0x000001c9a25532b0, 0x000001c9a2553780, 0x000001c9a25545f0, 0x000001c9a2555e00,
0x000001c9a38d47b0, 0x000001c9a38d3470, 0x000001c9a38d0df0, 0x000001c9a38d3940,
0x000001c9a38d3e10, 0x000001c9a38d42e0, 0x000001c9a38d12c0, 0x000001c9a38d5150,
0x000001c9a38cfab0, 0x000001c9a38d4c80, 0x000001c9a38cff80, 0x000001c9a38d5620,
0x000001c9a38d5af0, 0x000001c9a38d5fc0, 0x000001c9a38d6490, 0x000001c9a38d2130,
0x000001c9a38d2ad0, 0x000001c9a38d2600, 0x000001c9a38d6960, 0x000001c9a38d6e30,
0x000001c9a38d2fa0, 0x000001c9a38cf5e0, 0x000001c9a38d0450, 0x000001c9a38d1790,
0x000001c9a38d0920, 0x000001c9a38d1c60, 0x000001c9a34badf0, 0x000001c9a34bb2c0,
0x000001c9a34b9f80, 0x000001c9a34ba920, 0x000001c9a34b82a0, 0x000001c9a34b7430,
0x000001c9a34b7900, 0x000001c9a34b95e0, 0x000001c9a34b9110, 0x000001c9a34bb790,
0x000001c9a34bbc60, 0x000001c9a34b8c40, 0x000001c9a34b7dd0, 0x000001c9a34ba450,
0x000001c9a34bc600, 0x000001c9a34bc130, 0x000001c9a34bd940, 0x000001c9a34bcad0,
0x000001c9a34bcfa0, 0x000001c9a34b9ab0, 0x000001c9a34bd470, 0x000001c9a3eb3f00,
0x000001c9a34be7b0, 0x000001c9a3eb4410
}

Java Threads: ( => current thread )
  0x000001c98506b280 JavaThread "main" [_thread_blocked, id=8048, stack(0x00000026cf300000,0x00000026cf400000)]
  0x000001c99f842010 JavaThread "Reference Handler" daemon [_thread_blocked, id=16332, stack(0x00000026cfa00000,0x00000026cfb00000)]
  0x000001c99f843360 JavaThread "Finalizer" daemon [_thread_blocked, id=9236, stack(0x00000026cfb00000,0x00000026cfc00000)]
  0x000001c99f82df90 JavaThread "Signal Dispatcher" daemon [_thread_blocked, id=18724, stack(0x00000026cfc00000,0x00000026cfd00000)]
  0x000001c99f82e850 JavaThread "Attach Listener" daemon [_thread_blocked, id=13380, stack(0x00000026cfd00000,0x00000026cfe00000)]
  0x000001c99f82f400 JavaThread "Service Thread" daemon [_thread_blocked, id=10244, stack(0x00000026cfe00000,0x00000026cff00000)]
  0x000001c99f869010 JavaThread "Monitor Deflation Thread" daemon [_thread_blocked, id=18348, stack(0x00000026cff00000,0x00000026d0000000)]
  0x000001c99f870020 JavaThread "C2 CompilerThread0" daemon [_thread_in_native, id=18272, stack(0x00000026d0000000,0x00000026d0100000)]
  0x000001c99f871260 JavaThread "C1 CompilerThread0" daemon [_thread_blocked, id=8476, stack(0x00000026d0100000,0x00000026d0200000)]
  0x000001c99f877080 JavaThread "Sweeper thread" daemon [_thread_blocked, id=20044, stack(0x00000026d0200000,0x00000026d0300000)]
  0x000001c99f9e25b0 JavaThread "Common-Cleaner" daemon [_thread_blocked, id=10728, stack(0x00000026d0300000,0x00000026d0400000)]
  0x000001c99f9e2a80 JavaThread "Notification Thread" daemon [_thread_blocked, id=20764, stack(0x00000026d0400000,0x00000026d0500000)]
  0x000001c9a0fb2490 JavaThread "Daemon health stats" [_thread_blocked, id=18568, stack(0x00000026d0b00000,0x00000026d0c00000)]
  0x000001c9a20e1750 JavaThread "Incoming local TCP Connector on port 51037" [_thread_in_native, id=18184, stack(0x00000026d0c00000,0x00000026d0d00000)]
  0x000001c9a236faa0 JavaThread "Daemon periodic checks" [_thread_blocked, id=16016, stack(0x00000026d0d00000,0x00000026d0e00000)]
  0x000001c9a095aca0 JavaThread "Daemon" [_thread_blocked, id=7988, stack(0x00000026d0e00000,0x00000026d0f00000)]
  0x000001c9a0959ca0 JavaThread "Handler for socket connection from /127.0.0.1:51037 to /127.0.0.1:51039" [_thread_in_native, id=20592, stack(0x00000026d0f00000,0x00000026d1000000)]
  0x000001c9a128ca60 JavaThread "Cancel handler" [_thread_blocked, id=20236, stack(0x00000026d1000000,0x00000026d1100000)]
  0x000001c9a122d470 JavaThread "Daemon worker" [_thread_in_vm, id=7748, stack(0x00000026d1100000,0x00000026d1200000)]
  0x000001c9a0673ed0 JavaThread "Asynchronous log dispatcher for DefaultDaemonConnection: socket connection from /127.0.0.1:51037 to /127.0.0.1:51039" [_thread_blocked, id=3692, stack(0x00000026d1200000,0x00000026d1300000)]
  0x000001c9a0675bb0 JavaThread "Stdin handler" [_thread_blocked, id=10032, stack(0x00000026d1300000,0x00000026d1400000)]
  0x000001c9a0676550 JavaThread "Daemon client event forwarder" [_thread_blocked, id=17548, stack(0x00000026d1400000,0x00000026d1500000)]
  0x000001c9a06743a0 JavaThread "Cache worker for journal cache (C:\Users\Nguyen Thi Van\.gradle\caches\journal-1)" [_thread_blocked, id=20704, stack(0x00000026d1900000,0x00000026d1a00000)]
  0x000001c9a0676080 JavaThread "File lock request listener" [_thread_in_native, id=13244, stack(0x00000026d1a00000,0x00000026d1b00000)]
  0x000001c9a0676a20 JavaThread "Cache worker for file hash cache (C:\Users\Nguyen Thi Van\.gradle\caches\7.2\fileHashes)" [_thread_blocked, id=7728, stack(0x00000026d1b00000,0x00000026d1c00000)]
  0x000001c9a0673060 JavaThread "Cache worker for file hash cache (E:\code\Android\SmartAlarm\.gradle\7.2\fileHashes)" [_thread_blocked, id=20748, stack(0x00000026d1c00000,0x00000026d1d00000)]
  0x000001c9a0674d40 JavaThread "File watcher server" daemon [_thread_in_native, id=10164, stack(0x00000026d1e00000,0x00000026d1f00000)]
  0x000001c9a0675210 JavaThread "File watcher consumer" daemon [_thread_blocked, id=18204, stack(0x00000026d1f00000,0x00000026d2000000)]
  0x000001c9a0673530 JavaThread "jar transforms" [_thread_blocked, id=3144, stack(0x00000026d2000000,0x00000026d2100000)]
  0x000001c9a0673a00 JavaThread "jar transforms Thread 2" [_thread_blocked, id=1220, stack(0x00000026d2100000,0x00000026d2200000)]
  0x000001c9a38a5da0 JavaThread "jar transforms Thread 3" [_thread_blocked, id=16808, stack(0x00000026d2200000,0x00000026d2300000)]
  0x000001c9a38a4590 JavaThread "jar transforms Thread 4" [_thread_blocked, id=10624, stack(0x00000026d2300000,0x00000026d2400000)]
  0x000001c9a38a1570 JavaThread "jar transforms Thread 5" [_thread_blocked, id=21364, stack(0x00000026d2400000,0x00000026d2500000)]
  0x000001c9a38a4f30 JavaThread "jar transforms Thread 6" [_thread_blocked, id=18400, stack(0x00000026d2500000,0x00000026d2600000)]
  0x000001c9a38a0700 JavaThread "Cache worker for checksums cache (E:\code\Android\SmartAlarm\.gradle\checksums)" [_thread_blocked, id=10704, stack(0x00000026d2600000,0x00000026d2700000)]
  0x000001c9a38a3250 JavaThread "Cache worker for cache directory md-supplier (C:\Users\Nguyen Thi Van\.gradle\caches\7.2\md-supplier)" [_thread_blocked, id=18496, stack(0x00000026d2700000,0x00000026d2800000)]
  0x000001c9a38a4a60 JavaThread "Cache worker for cache directory md-rule (C:\Users\Nguyen Thi Van\.gradle\caches\7.2\md-rule)" [_thread_blocked, id=14844, stack(0x00000026d2800000,0x00000026d2900000)]
  0x000001c9a38a6270 JavaThread "Cache worker for execution history cache (C:\Users\Nguyen Thi Van\.gradle\caches\7.2\executionHistory)" [_thread_blocked, id=16756, stack(0x00000026d2900000,0x00000026d2a00000)]
  0x000001c9a38a6c10 JavaThread "jar transforms Thread 7" [_thread_blocked, id=18756, stack(0x00000026d2a00000,0x00000026d2b00000)]
  0x000001c9a38a1a40 JavaThread "Cache worker for file content cache (C:\Users\Nguyen Thi Van\.gradle\caches\7.2\fileContent)" [_thread_blocked, id=9680, stack(0x00000026d0600000,0x00000026d0700000)]
  0x000001c9a38a10a0 JavaThread "jar transforms Thread 8" [_thread_blocked, id=2788, stack(0x00000026d2b00000,0x00000026d2c00000)]
  0x000001c9a38a1f10 JavaThread "Cache worker for dependencies-accessors (E:\code\Android\SmartAlarm\.gradle\7.2\dependencies-accessors)" [_thread_blocked, id=13048, stack(0x00000026d2c00000,0x00000026d2d00000)]
  0x000001c9a38a40c0 JavaThread "Cache worker for Build Output Cleanup Cache (E:\code\Android\SmartAlarm\.gradle\buildOutputCleanup)" [_thread_blocked, id=9036, stack(0x00000026d2d00000,0x00000026d2e00000)]
  0x000001c9a38a23e0 JavaThread "Unconstrained build operations" [_thread_blocked, id=18792, stack(0x00000026d1d00000,0x00000026d1e00000)]
  0x000001c9a38a5400 JavaThread "Unconstrained build operations Thread 2" [_thread_blocked, id=3064, stack(0x00000026d2e00000,0x00000026d2f00000)]
  0x000001c9a389fd60 JavaThread "Unconstrained build operations Thread 3" [_thread_blocked, id=19732, stack(0x00000026d2f00000,0x00000026d3000000)]
  0x000001c9a38a28b0 JavaThread "Unconstrained build operations Thread 4" [_thread_blocked, id=16700, stack(0x00000026d3000000,0x00000026d3100000)]
  0x000001c9a38a2d80 JavaThread "Unconstrained build operations Thread 5" [_thread_blocked, id=21048, stack(0x00000026d3100000,0x00000026d3200000)]
  0x000001c9a38a3720 JavaThread "Unconstrained build operations Thread 6" [_thread_blocked, id=14780, stack(0x00000026d3200000,0x00000026d3300000)]
  0x000001c9a38a3bf0 JavaThread "Unconstrained build operations Thread 7" [_thread_blocked, id=4204, stack(0x00000026d3300000,0x00000026d3400000)]
  0x000001c9a2552910 JavaThread "Unconstrained build operations Thread 8" [_thread_blocked, id=18864, stack(0x00000026d3400000,0x00000026d3500000)]
  0x000001c9a2557ae0 JavaThread "Unconstrained build operations Thread 9" [_thread_blocked, id=16080, stack(0x00000026d3500000,0x00000026d3600000)]
  0x000001c9a2552440 JavaThread "Unconstrained build operations Thread 10" [_thread_blocked, id=8252, stack(0x00000026d3600000,0x00000026d3700000)]
  0x000001c9a2557610 JavaThread "Unconstrained build operations Thread 11" [_thread_blocked, id=18428, stack(0x00000026d3700000,0x00000026d3800000)]
  0x000001c9a2553c50 JavaThread "Unconstrained build operations Thread 12" [_thread_blocked, id=16860, stack(0x00000026d3800000,0x00000026d3900000)]
  0x000001c9a2558950 JavaThread "Unconstrained build operations Thread 13" [_thread_blocked, id=19648, stack(0x00000026d3900000,0x00000026d3a00000)]
  0x000001c9a2558480 JavaThread "Unconstrained build operations Thread 14" [_thread_blocked, id=17264, stack(0x00000026d3a00000,0x00000026d3b00000)]
  0x000001c9a2554f90 JavaThread "Unconstrained build operations Thread 15" [_thread_blocked, id=15448, stack(0x00000026d3b00000,0x00000026d3c00000)]
  0x000001c9a25562d0 JavaThread "Unconstrained build operations Thread 16" [_thread_blocked, id=16820, stack(0x00000026d3c00000,0x00000026d3d00000)]
  0x000001c9a2558e20 JavaThread "Unconstrained build operations Thread 17" [_thread_blocked, id=5544, stack(0x00000026d3d00000,0x00000026d3e00000)]
  0x000001c9a2557fb0 JavaThread "Unconstrained build operations Thread 18" [_thread_blocked, id=17296, stack(0x00000026d3e00000,0x00000026d3f00000)]
  0x000001c9a25592f0 JavaThread "Unconstrained build operations Thread 19" [_thread_blocked, id=11456, stack(0x00000026d3f00000,0x00000026d4000000)]
  0x000001c9a2557140 JavaThread "Unconstrained build operations Thread 20" [_thread_blocked, id=11580, stack(0x00000026d4000000,0x00000026d4100000)]
  0x000001c9a25567a0 JavaThread "Unconstrained build operations Thread 21" [_thread_blocked, id=12928, stack(0x00000026d4100000,0x00000026d4200000)]
  0x000001c9a2552de0 JavaThread "Unconstrained build operations Thread 22" [_thread_blocked, id=19036, stack(0x00000026d4200000,0x00000026d4300000)]
  0x000001c9a2554ac0 JavaThread "Unconstrained build operations Thread 23" [_thread_blocked, id=6500, stack(0x00000026d4300000,0x00000026d4400000)]
  0x000001c9a2556c70 JavaThread "Unconstrained build operations Thread 24" [_thread_blocked, id=16312, stack(0x00000026d4400000,0x00000026d4500000)]
  0x000001c9a2555460 JavaThread "Unconstrained build operations Thread 25" [_thread_blocked, id=12732, stack(0x00000026d4500000,0x00000026d4600000)]
  0x000001c9a2551f70 JavaThread "Unconstrained build operations Thread 26" [_thread_blocked, id=5628, stack(0x00000026d4600000,0x00000026d4700000)]
  0x000001c9a2555930 JavaThread "Unconstrained build operations Thread 27" [_thread_blocked, id=1616, stack(0x00000026d4700000,0x00000026d4800000)]
  0x000001c9a2554120 JavaThread "Unconstrained build operations Thread 28" [_thread_blocked, id=9004, stack(0x00000026d4800000,0x00000026d4900000)]
  0x000001c9a25597c0 JavaThread "Unconstrained build operations Thread 29" [_thread_blocked, id=2644, stack(0x00000026d4900000,0x00000026d4a00000)]
  0x000001c9a25532b0 JavaThread "Unconstrained build operations Thread 30" [_thread_blocked, id=20156, stack(0x00000026d4a00000,0x00000026d4b00000)]
  0x000001c9a2553780 JavaThread "Unconstrained build operations Thread 31" [_thread_blocked, id=8088, stack(0x00000026d4b00000,0x00000026d4c00000)]
  0x000001c9a25545f0 JavaThread "Unconstrained build operations Thread 32" [_thread_blocked, id=9764, stack(0x00000026d4c00000,0x00000026d4d00000)]
  0x000001c9a2555e00 JavaThread "Unconstrained build operations Thread 33" [_thread_blocked, id=12204, stack(0x00000026d4d00000,0x00000026d4e00000)]
  0x000001c9a38d47b0 JavaThread "Unconstrained build operations Thread 34" [_thread_blocked, id=8104, stack(0x00000026d4e00000,0x00000026d4f00000)]
  0x000001c9a38d3470 JavaThread "Unconstrained build operations Thread 35" [_thread_blocked, id=19624, stack(0x00000026d4f00000,0x00000026d5000000)]
  0x000001c9a38d0df0 JavaThread "Unconstrained build operations Thread 36" [_thread_blocked, id=20652, stack(0x00000026d5000000,0x00000026d5100000)]
  0x000001c9a38d3940 JavaThread "Unconstrained build operations Thread 37" [_thread_blocked, id=17960, stack(0x00000026d5100000,0x00000026d5200000)]
  0x000001c9a38d3e10 JavaThread "Unconstrained build operations Thread 38" [_thread_blocked, id=9800, stack(0x00000026d5200000,0x00000026d5300000)]
  0x000001c9a38d42e0 JavaThread "Unconstrained build operations Thread 39" [_thread_blocked, id=1416, stack(0x00000026d5300000,0x00000026d5400000)]
  0x000001c9a38d12c0 JavaThread "Unconstrained build operations Thread 40" [_thread_blocked, id=9244, stack(0x00000026d5400000,0x00000026d5500000)]
  0x000001c9a38d5150 JavaThread "Unconstrained build operations Thread 41" [_thread_blocked, id=5552, stack(0x00000026d5500000,0x00000026d5600000)]
  0x000001c9a38cfab0 JavaThread "Unconstrained build operations Thread 42" [_thread_blocked, id=5916, stack(0x00000026d5600000,0x00000026d5700000)]
  0x000001c9a38d4c80 JavaThread "Unconstrained build operations Thread 43" [_thread_blocked, id=17348, stack(0x00000026d5700000,0x00000026d5800000)]
  0x000001c9a38cff80 JavaThread "Unconstrained build operations Thread 44" [_thread_blocked, id=8788, stack(0x00000026d5800000,0x00000026d5900000)]
  0x000001c9a38d5620 JavaThread "Unconstrained build operations Thread 45" [_thread_blocked, id=4468, stack(0x00000026d5900000,0x00000026d5a00000)]
  0x000001c9a38d5af0 JavaThread "Unconstrained build operations Thread 46" [_thread_blocked, id=16352, stack(0x00000026d5a00000,0x00000026d5b00000)]
  0x000001c9a38d5fc0 JavaThread "Unconstrained build operations Thread 47" [_thread_blocked, id=11644, stack(0x00000026d5b00000,0x00000026d5c00000)]
  0x000001c9a38d6490 JavaThread "Unconstrained build operations Thread 48" [_thread_blocked, id=16732, stack(0x00000026d5c00000,0x00000026d5d00000)]
  0x000001c9a38d2130 JavaThread "Unconstrained build operations Thread 49" [_thread_blocked, id=3688, stack(0x00000026d5d00000,0x00000026d5e00000)]
  0x000001c9a38d2ad0 JavaThread "Unconstrained build operations Thread 50" [_thread_blocked, id=19888, stack(0x00000026d5e00000,0x00000026d5f00000)]
  0x000001c9a38d2600 JavaThread "Unconstrained build operations Thread 51" [_thread_blocked, id=8856, stack(0x00000026d5f00000,0x00000026d6000000)]
  0x000001c9a38d6960 JavaThread "Unconstrained build operations Thread 52" [_thread_blocked, id=7324, stack(0x00000026d6000000,0x00000026d6100000)]
  0x000001c9a38d6e30 JavaThread "Unconstrained build operations Thread 53" [_thread_blocked, id=2312, stack(0x00000026d6100000,0x00000026d6200000)]
  0x000001c9a38d2fa0 JavaThread "Unconstrained build operations Thread 54" [_thread_blocked, id=2040, stack(0x00000026d6200000,0x00000026d6300000)]
  0x000001c9a38cf5e0 JavaThread "Unconstrained build operations Thread 55" [_thread_blocked, id=5856, stack(0x00000026d6300000,0x00000026d6400000)]
  0x000001c9a38d0450 JavaThread "Unconstrained build operations Thread 56" [_thread_blocked, id=7112, stack(0x00000026d6400000,0x00000026d6500000)]
  0x000001c9a38d1790 JavaThread "Unconstrained build operations Thread 57" [_thread_blocked, id=19196, stack(0x00000026d6500000,0x00000026d6600000)]
  0x000001c9a38d0920 JavaThread "Unconstrained build operations Thread 58" [_thread_blocked, id=14488, stack(0x00000026d6600000,0x00000026d6700000)]
  0x000001c9a38d1c60 JavaThread "Unconstrained build operations Thread 59" [_thread_blocked, id=17124, stack(0x00000026d6700000,0x00000026d6800000)]
  0x000001c9a34badf0 JavaThread "Unconstrained build operations Thread 60" [_thread_blocked, id=11056, stack(0x00000026d6800000,0x00000026d6900000)]
  0x000001c9a34bb2c0 JavaThread "Unconstrained build operations Thread 61" [_thread_blocked, id=18556, stack(0x00000026d6900000,0x00000026d6a00000)]
  0x000001c9a34b9f80 JavaThread "Unconstrained build operations Thread 62" [_thread_blocked, id=996, stack(0x00000026d6b00000,0x00000026d6c00000)]
  0x000001c9a34ba920 JavaThread "Unconstrained build operations Thread 63" [_thread_blocked, id=19432, stack(0x00000026d6c00000,0x00000026d6d00000)]
  0x000001c9a34b82a0 JavaThread "Unconstrained build operations Thread 64" [_thread_blocked, id=19596, stack(0x00000026d6d00000,0x00000026d6e00000)]
  0x000001c9a34b7430 JavaThread "Unconstrained build operations Thread 65" [_thread_blocked, id=15744, stack(0x00000026d6e00000,0x00000026d6f00000)]
  0x000001c9a34b7900 JavaThread "Unconstrained build operations Thread 66" [_thread_blocked, id=5972, stack(0x00000026d6f00000,0x00000026d7000000)]
  0x000001c9a34b95e0 JavaThread "Unconstrained build operations Thread 67" [_thread_blocked, id=20260, stack(0x00000026d7000000,0x00000026d7100000)]
  0x000001c9a34b9110 JavaThread "Unconstrained build operations Thread 68" [_thread_blocked, id=13916, stack(0x00000026d7100000,0x00000026d7200000)]
  0x000001c9a34bb790 JavaThread "Unconstrained build operations Thread 69" [_thread_blocked, id=2932, stack(0x00000026d7200000,0x00000026d7300000)]
  0x000001c9a34bbc60 JavaThread "Unconstrained build operations Thread 70" [_thread_blocked, id=13736, stack(0x00000026d7300000,0x00000026d7400000)]
  0x000001c9a34b8c40 JavaThread "Unconstrained build operations Thread 71" [_thread_blocked, id=20604, stack(0x00000026d7400000,0x00000026d7500000)]
  0x000001c9a34b7dd0 JavaThread "Unconstrained build operations Thread 72" [_thread_blocked, id=19972, stack(0x00000026d7500000,0x00000026d7600000)]
  0x000001c9a34ba450 JavaThread "Unconstrained build operations Thread 73" [_thread_blocked, id=10168, stack(0x00000026d7600000,0x00000026d7700000)]
  0x000001c9a34bc600 JavaThread "Unconstrained build operations Thread 74" [_thread_blocked, id=13812, stack(0x00000026d7700000,0x00000026d7800000)]
  0x000001c9a34bc130 JavaThread "Unconstrained build operations Thread 75" [_thread_blocked, id=15560, stack(0x00000026d7800000,0x00000026d7900000)]
  0x000001c9a34bd940 JavaThread "Unconstrained build operations Thread 76" [_thread_blocked, id=16972, stack(0x00000026d7900000,0x00000026d7a00000)]
  0x000001c9a34bcad0 JavaThread "Unconstrained build operations Thread 77" [_thread_blocked, id=2616, stack(0x00000026d7a00000,0x00000026d7b00000)]
  0x000001c9a34bcfa0 JavaThread "Unconstrained build operations Thread 78" [_thread_blocked, id=2004, stack(0x00000026d7b00000,0x00000026d7c00000)]
  0x000001c9a34b9ab0 JavaThread "Unconstrained build operations Thread 79" [_thread_blocked, id=20128, stack(0x00000026d7c00000,0x00000026d7d00000)]
  0x000001c9a34bd470 JavaThread "Unconstrained build operations Thread 80" [_thread_blocked, id=9548, stack(0x00000026d7d00000,0x00000026d7e00000)]
  0x000001c9a3eb3f00 JavaThread "C2 CompilerThread1" daemon [_thread_in_native, id=20356, stack(0x00000026d6a00000,0x00000026d6b00000)]
  0x000001c9a34be7b0 JavaThread "Memory manager" [_thread_blocked, id=17632, stack(0x00000026d7f00000,0x00000026d8000000)]
=>0x000001c9a3eb4410 JavaThread "C2 CompilerThread2" daemon [_thread_in_native, id=5596, stack(0x00000026d7e00000,0x00000026d7f00000)]

Other Threads:
  0x000001c99eefece0 VMThread "VM Thread" [stack: 0x00000026cf900000,0x00000026cfa00000] [id=7432]
  0x000001c9850dda00 WatcherThread [stack: 0x00000026d0500000,0x00000026d0600000] [id=18832]
  0x000001c9850c6c30 GCTaskThread "GC Thread#0" [stack: 0x00000026cf400000,0x00000026cf500000] [id=2652]
  0x000001c9a05de770 GCTaskThread "GC Thread#1" [stack: 0x00000026d0700000,0x00000026d0800000] [id=21380]
  0x000001c9a05dfcf0 GCTaskThread "GC Thread#2" [stack: 0x00000026d0800000,0x00000026d0900000] [id=2996]
  0x000001c9a05def80 GCTaskThread "GC Thread#3" [stack: 0x00000026d0900000,0x00000026d0a00000] [id=19872]
  0x000001c9a05de4c0 GCTaskThread "GC Thread#4" [stack: 0x00000026d0a00000,0x00000026d0b00000] [id=10148]
  0x000001c9a05df790 GCTaskThread "GC Thread#5" [stack: 0x00000026d1500000,0x00000026d1600000] [id=6564]
  0x000001c9a05decd0 GCTaskThread "GC Thread#6" [stack: 0x00000026d1600000,0x00000026d1700000] [id=8188]
  0x000001c9a05df230 GCTaskThread "GC Thread#7" [stack: 0x00000026d1700000,0x00000026d1800000] [id=13424]
  0x000001c9850d7a10 ConcurrentGCThread "G1 Main Marker" [stack: 0x00000026cf500000,0x00000026cf600000] [id=10784]
  0x000001c9850d82c0 ConcurrentGCThread "G1 Conc#0" [stack: 0x00000026cf600000,0x00000026cf700000] [id=18360]
  0x000001c9a3217010 ConcurrentGCThread "G1 Conc#1" [stack: 0x00000026d1800000,0x00000026d1900000] [id=16128]
  0x000001c98512ea70 ConcurrentGCThread "G1 Refine#0" [stack: 0x00000026cf700000,0x00000026cf800000] [id=17520]
  0x000001c99ed76570 ConcurrentGCThread "G1 Service" [stack: 0x00000026cf800000,0x00000026cf900000] [id=17316]

Threads with active compile tasks:
C2 CompilerThread0    16596 6686       4       java.lang.Class::annotationData (44 bytes)
C2 CompilerThread1    16596 6922       4       java.lang.Class::getMethod (59 bytes)
C2 CompilerThread2    16596 6869       4       java.lang.Class::getMethodsRecursive (99 bytes)

VM state: not at safepoint (normal execution)

VM Mutex/Monitor currently owned by a thread: None

Heap address: 0x0000000080000000, size: 2048 MB, Compressed Oops mode: 32-bit

CDS archive(s) not mapped
Compressed class space mapped at: 0x0000000100000000-0x0000000140000000, reserved size: 1073741824
Narrow klass base: 0x0000000000000000, Narrow klass shift: 3, Narrow klass range: 0x140000000

GC Precious Log:
 CPUs: 8 total, 8 available
 Memory: 14273M
 Large Page Support: Disabled
 NUMA Support: Disabled
 Compressed Oops: Enabled (32-bit)
 Heap Region Size: 1M
 Heap Min Capacity: 8M
 Heap Initial Capacity: 224M
 Heap Max Capacity: 2G
 Pre-touch: Disabled
 Parallel Workers: 8
 Concurrent Workers: 2
 Concurrent Refinement Workers: 8
 Periodic GC: Disabled

Heap:
 garbage-first heap   total 116736K, used 90498K [0x0000000080000000, 0x0000000100000000)
  region size 1024K, 33 young (33792K), 3 survivors (3072K)
 Metaspace       used 66195K, committed 66688K, reserved 1114112K
  class space    used 8555K, committed 8768K, reserved 1048576K

Heap Regions: E=young(eden), S=young(survivor), O=old, HS=humongous(starts), HC=humongous(continues), CS=collection set, F=free, OA=open archive, CA=closed archive, TAMS=top-at-mark-start (previous, next)
|   0|0x0000000080000000, 0x0000000080100000, 0x0000000080100000|100%| O|  |TAMS 0x0000000080100000, 0x0000000080000000| Untracked 
|   1|0x0000000080100000, 0x0000000080200000, 0x0000000080200000|100%| O|  |TAMS 0x0000000080200000, 0x0000000080100000| Untracked 
|   2|0x0000000080200000, 0x0000000080300000, 0x0000000080300000|100%| O|  |TAMS 0x0000000080300000, 0x0000000080200000| Untracked 
|   3|0x0000000080300000, 0x0000000080400000, 0x0000000080400000|100%|HS|  |TAMS 0x0000000080400000, 0x0000000080300000| Complete 
|   4|0x0000000080400000, 0x0000000080500000, 0x0000000080500000|100%|HC|  |TAMS 0x0000000080500000, 0x0000000080400000| Complete 
|   5|0x0000000080500000, 0x0000000080600000, 0x0000000080600000|100%|HC|  |TAMS 0x0000000080600000, 0x0000000080500000| Complete 
|   6|0x0000000080600000, 0x0000000080700000, 0x0000000080700000|100%| O|  |TAMS 0x0000000080700000, 0x0000000080600000| Untracked 
|   7|0x0000000080700000, 0x0000000080800000, 0x0000000080800000|100%| O|  |TAMS 0x0000000080800000, 0x0000000080700000| Untracked 
|   8|0x0000000080800000, 0x0000000080900000, 0x0000000080900000|100%| O|  |TAMS 0x0000000080900000, 0x0000000080800000| Untracked 
|   9|0x0000000080900000, 0x0000000080a00000, 0x0000000080a00000|100%| O|  |TAMS 0x0000000080a00000, 0x0000000080900000| Untracked 
|  10|0x0000000080a00000, 0x0000000080b00000, 0x0000000080b00000|100%|HS|  |TAMS 0x0000000080b00000, 0x0000000080a00000| Complete 
|  11|0x0000000080b00000, 0x0000000080c00000, 0x0000000080c00000|100%|HC|  |TAMS 0x0000000080c00000, 0x0000000080b00000| Complete 
|  12|0x0000000080c00000, 0x0000000080d00000, 0x0000000080d00000|100%| O|  |TAMS 0x0000000080d00000, 0x0000000080c00000| Untracked 
|  13|0x0000000080d00000, 0x0000000080e00000, 0x0000000080e00000|100%| O|  |TAMS 0x0000000080e00000, 0x0000000080d00000| Untracked 
|  14|0x0000000080e00000, 0x0000000080f00000, 0x0000000080f00000|100%| O|  |TAMS 0x0000000080f00000, 0x0000000080e00000| Untracked 
|  15|0x0000000080f00000, 0x0000000081000000, 0x0000000081000000|100%| O|  |TAMS 0x0000000081000000, 0x0000000080f00000| Untracked 
|  16|0x0000000081000000, 0x0000000081100000, 0x0000000081100000|100%| O|  |TAMS 0x0000000081100000, 0x0000000081000000| Untracked 
|  17|0x0000000081100000, 0x0000000081200000, 0x0000000081200000|100%| O|  |TAMS 0x0000000081200000, 0x0000000081100000| Untracked 
|  18|0x0000000081200000, 0x0000000081300000, 0x0000000081300000|100%| O|  |TAMS 0x0000000081300000, 0x0000000081200000| Untracked 
|  19|0x0000000081300000, 0x0000000081400000, 0x0000000081400000|100%| O|  |TAMS 0x0000000081400000, 0x0000000081300000| Untracked 
|  20|0x0000000081400000, 0x0000000081500000, 0x0000000081500000|100%| O|  |TAMS 0x0000000081500000, 0x0000000081400000| Untracked 
|  21|0x0000000081500000, 0x0000000081600000, 0x0000000081600000|100%| O|  |TAMS 0x0000000081600000, 0x0000000081500000| Untracked 
|  22|0x0000000081600000, 0x0000000081700000, 0x0000000081700000|100%| O|  |TAMS 0x0000000081700000, 0x0000000081600000| Untracked 
|  23|0x0000000081700000, 0x0000000081800000, 0x0000000081800000|100%|HS|  |TAMS 0x0000000081800000, 0x0000000081700000| Complete 
|  24|0x0000000081800000, 0x0000000081900000, 0x0000000081900000|100%|HC|  |TAMS 0x0000000081900000, 0x0000000081800000| Complete 
|  25|0x0000000081900000, 0x0000000081a00000, 0x0000000081a00000|100%|HC|  |TAMS 0x0000000081a00000, 0x0000000081900000| Complete 
|  26|0x0000000081a00000, 0x0000000081b00000, 0x0000000081b00000|100%| O|  |TAMS 0x0000000081b00000, 0x0000000081a00000| Untracked 
|  27|0x0000000081b00000, 0x0000000081c00000, 0x0000000081c00000|100%| O|  |TAMS 0x0000000081c00000, 0x0000000081b00000| Untracked 
|  28|0x0000000081c00000, 0x0000000081d00000, 0x0000000081d00000|100%| O|  |TAMS 0x0000000081d00000, 0x0000000081c00000| Untracked 
|  29|0x0000000081d00000, 0x0000000081e00000, 0x0000000081e00000|100%| O|  |TAMS 0x0000000081e00000, 0x0000000081d00000| Untracked 
|  30|0x0000000081e00000, 0x0000000081f00000, 0x0000000081f00000|100%| O|  |TAMS 0x0000000081f00000, 0x0000000081e00000| Untracked 
|  31|0x0000000081f00000, 0x0000000082000000, 0x0000000082000000|100%| O|  |TAMS 0x0000000082000000, 0x0000000081f00000| Untracked 
|  32|0x0000000082000000, 0x0000000082100000, 0x0000000082100000|100%| O|  |TAMS 0x0000000082100000, 0x0000000082000000| Untracked 
|  33|0x0000000082100000, 0x0000000082200000, 0x0000000082200000|100%| O|  |TAMS 0x0000000082200000, 0x0000000082100000| Untracked 
|  34|0x0000000082200000, 0x0000000082300000, 0x0000000082300000|100%| O|  |TAMS 0x0000000082300000, 0x0000000082200000| Untracked 
|  35|0x0000000082300000, 0x0000000082400000, 0x0000000082400000|100%| O|  |TAMS 0x0000000082400000, 0x0000000082300000| Untracked 
|  36|0x0000000082400000, 0x0000000082500000, 0x0000000082500000|100%| O|  |TAMS 0x0000000082500000, 0x0000000082400000| Untracked 
|  37|0x0000000082500000, 0x0000000082600000, 0x0000000082600000|100%| O|  |TAMS 0x0000000082600000, 0x0000000082500000| Untracked 
|  38|0x0000000082600000, 0x0000000082700000, 0x0000000082700000|100%| O|  |TAMS 0x0000000082700000, 0x0000000082600000| Untracked 
|  39|0x0000000082700000, 0x0000000082800000, 0x0000000082800000|100%|HS|  |TAMS 0x0000000082800000, 0x0000000082700000| Complete 
|  40|0x0000000082800000, 0x0000000082900000, 0x0000000082900000|100%|HS|  |TAMS 0x0000000082900000, 0x0000000082800000| Complete 
|  41|0x0000000082900000, 0x0000000082a00000, 0x0000000082a00000|100%|HS|  |TAMS 0x0000000082a00000, 0x0000000082900000| Complete 
|  42|0x0000000082a00000, 0x0000000082b00000, 0x0000000082b00000|100%|HS|  |TAMS 0x0000000082b00000, 0x0000000082a00000| Complete 
|  43|0x0000000082b00000, 0x0000000082c00000, 0x0000000082c00000|100%|HC|  |TAMS 0x0000000082c00000, 0x0000000082b00000| Complete 
|  44|0x0000000082c00000, 0x0000000082d00000, 0x0000000082d00000|100%| O|  |TAMS 0x0000000082d00000, 0x0000000082c00000| Untracked 
|  45|0x0000000082d00000, 0x0000000082e00000, 0x0000000082e00000|100%| O|  |TAMS 0x0000000082e00000, 0x0000000082d00000| Untracked 
|  46|0x0000000082e00000, 0x0000000082f00000, 0x0000000082f00000|100%| O|  |TAMS 0x0000000082f00000, 0x0000000082e00000| Untracked 
|  47|0x0000000082f00000, 0x0000000083000000, 0x0000000083000000|100%| O|  |TAMS 0x0000000083000000, 0x0000000082f00000| Untracked 
|  48|0x0000000083000000, 0x0000000083100000, 0x0000000083100000|100%| O|  |TAMS 0x0000000083100000, 0x0000000083000000| Untracked 
|  49|0x0000000083100000, 0x0000000083200000, 0x0000000083200000|100%| O|  |TAMS 0x0000000083200000, 0x0000000083100000| Untracked 
|  50|0x0000000083200000, 0x0000000083300000, 0x0000000083300000|100%| O|  |TAMS 0x0000000083300000, 0x0000000083200000| Untracked 
|  51|0x0000000083300000, 0x0000000083400000, 0x0000000083400000|100%| O|  |TAMS 0x00000000833e5c00, 0x0000000083300000| Untracked 
|  52|0x0000000083400000, 0x0000000083500000, 0x0000000083500000|100%| O|  |TAMS 0x0000000083400000, 0x0000000083400000| Untracked 
|  53|0x0000000083500000, 0x0000000083600000, 0x0000000083600000|100%| O|  |TAMS 0x0000000083500000, 0x0000000083500000| Untracked 
|  54|0x0000000083600000, 0x0000000083700000, 0x0000000083700000|100%| O|  |TAMS 0x0000000083600000, 0x0000000083600000| Untracked 
|  55|0x0000000083700000, 0x00000000837ca800, 0x0000000083800000| 79%| O|  |TAMS 0x0000000083700000, 0x0000000083700000| Untracked 
|  56|0x0000000083800000, 0x0000000083900000, 0x0000000083900000|100%|HS|  |TAMS 0x0000000083800000, 0x0000000083800000| Complete 
|  57|0x0000000083900000, 0x0000000083900000, 0x0000000083a00000|  0%| F|  |TAMS 0x0000000083900000, 0x0000000083900000| Untracked 
|  58|0x0000000083a00000, 0x0000000083a00000, 0x0000000083b00000|  0%| F|  |TAMS 0x0000000083a00000, 0x0000000083a00000| Untracked 
|  59|0x0000000083b00000, 0x0000000083b00000, 0x0000000083c00000|  0%| F|  |TAMS 0x0000000083b00000, 0x0000000083b00000| Untracked 
|  60|0x0000000083c00000, 0x0000000083c00000, 0x0000000083d00000|  0%| F|  |TAMS 0x0000000083c00000, 0x0000000083c00000| Untracked 
|  61|0x0000000083d00000, 0x0000000083d00000, 0x0000000083e00000|  0%| F|  |TAMS 0x0000000083d00000, 0x0000000083d00000| Untracked 
|  62|0x0000000083e00000, 0x0000000083e00000, 0x0000000083f00000|  0%| F|  |TAMS 0x0000000083e00000, 0x0000000083e00000| Untracked 
|  63|0x0000000083f00000, 0x0000000083f00000, 0x0000000084000000|  0%| F|  |TAMS 0x0000000083f00000, 0x0000000083f00000| Untracked 
|  64|0x0000000084000000, 0x0000000084000000, 0x0000000084100000|  0%| F|  |TAMS 0x0000000084000000, 0x0000000084000000| Untracked 
|  65|0x0000000084100000, 0x0000000084100000, 0x0000000084200000|  0%| F|  |TAMS 0x0000000084100000, 0x0000000084100000| Untracked 
|  66|0x0000000084200000, 0x0000000084200000, 0x0000000084300000|  0%| F|  |TAMS 0x0000000084200000, 0x0000000084200000| Untracked 
|  67|0x0000000084300000, 0x0000000084300000, 0x0000000084400000|  0%| F|  |TAMS 0x0000000084300000, 0x0000000084300000| Untracked 
|  68|0x0000000084400000, 0x0000000084400000, 0x0000000084500000|  0%| F|  |TAMS 0x0000000084400000, 0x0000000084400000| Untracked 
|  69|0x0000000084500000, 0x0000000084500000, 0x0000000084600000|  0%| F|  |TAMS 0x0000000084500000, 0x0000000084500000| Untracked 
|  70|0x0000000084600000, 0x0000000084600000, 0x0000000084700000|  0%| F|  |TAMS 0x0000000084600000, 0x0000000084600000| Untracked 
|  71|0x0000000084700000, 0x0000000084700000, 0x0000000084800000|  0%| F|  |TAMS 0x0000000084700000, 0x0000000084700000| Untracked 
|  72|0x0000000084800000, 0x0000000084800000, 0x0000000084900000|  0%| F|  |TAMS 0x0000000084800000, 0x0000000084800000| Untracked 
|  73|0x0000000084900000, 0x0000000084900000, 0x0000000084a00000|  0%| F|  |TAMS 0x0000000084900000, 0x0000000084900000| Untracked 
|  74|0x0000000084a00000, 0x0000000084a00000, 0x0000000084b00000|  0%| F|  |TAMS 0x0000000084a00000, 0x0000000084a00000| Untracked 
|  75|0x0000000084b00000, 0x0000000084b00000, 0x0000000084c00000|  0%| F|  |TAMS 0x0000000084b00000, 0x0000000084b00000| Untracked 
|  76|0x0000000084c00000, 0x0000000084c00000, 0x0000000084d00000|  0%| F|  |TAMS 0x0000000084c00000, 0x0000000084c00000| Untracked 
|  77|0x0000000084d00000, 0x0000000084d00000, 0x0000000084e00000|  0%| F|  |TAMS 0x0000000084d00000, 0x0000000084d00000| Untracked 
|  78|0x0000000084e00000, 0x0000000084e00000, 0x0000000084f00000|  0%| F|  |TAMS 0x0000000084e00000, 0x0000000084e00000| Untracked 
|  79|0x0000000084f00000, 0x0000000084f00000, 0x0000000085000000|  0%| F|  |TAMS 0x0000000084f00000, 0x0000000084f00000| Untracked 
|  80|0x0000000085000000, 0x0000000085096090, 0x0000000085100000| 58%| S|CS|TAMS 0x0000000085000000, 0x0000000085000000| Complete 
|  81|0x0000000085100000, 0x0000000085200000, 0x0000000085200000|100%| S|CS|TAMS 0x0000000085100000, 0x0000000085100000| Complete 
|  82|0x0000000085200000, 0x0000000085300000, 0x0000000085300000|100%| S|CS|TAMS 0x0000000085200000, 0x0000000085200000| Complete 
|  83|0x0000000085300000, 0x0000000085300000, 0x0000000085400000|  0%| F|  |TAMS 0x0000000085300000, 0x0000000085300000| Untracked 
|  84|0x0000000085400000, 0x0000000085480800, 0x0000000085500000| 50%| E|  |TAMS 0x0000000085400000, 0x0000000085400000| Complete 
|  85|0x0000000085500000, 0x0000000085600000, 0x0000000085600000|100%| E|CS|TAMS 0x0000000085500000, 0x0000000085500000| Complete 
|  86|0x0000000085600000, 0x0000000085700000, 0x0000000085700000|100%| E|CS|TAMS 0x0000000085600000, 0x0000000085600000| Complete 
|  87|0x0000000085700000, 0x0000000085800000, 0x0000000085800000|100%| E|CS|TAMS 0x0000000085700000, 0x0000000085700000| Complete 
|  88|0x0000000085800000, 0x0000000085900000, 0x0000000085900000|100%| E|CS|TAMS 0x0000000085800000, 0x0000000085800000| Complete 
|  89|0x0000000085900000, 0x0000000085a00000, 0x0000000085a00000|100%| E|CS|TAMS 0x0000000085900000, 0x0000000085900000| Complete 
|  90|0x0000000085a00000, 0x0000000085b00000, 0x0000000085b00000|100%| E|CS|TAMS 0x0000000085a00000, 0x0000000085a00000| Complete 
|  91|0x0000000085b00000, 0x0000000085c00000, 0x0000000085c00000|100%| E|CS|TAMS 0x0000000085b00000, 0x0000000085b00000| Complete 
|  92|0x0000000085c00000, 0x0000000085d00000, 0x0000000085d00000|100%| E|CS|TAMS 0x0000000085c00000, 0x0000000085c00000| Complete 
|  93|0x0000000085d00000, 0x0000000085e00000, 0x0000000085e00000|100%| E|CS|TAMS 0x0000000085d00000, 0x0000000085d00000| Complete 
|  94|0x0000000085e00000, 0x0000000085f00000, 0x0000000085f00000|100%| E|CS|TAMS 0x0000000085e00000, 0x0000000085e00000| Complete 
|  95|0x0000000085f00000, 0x0000000086000000, 0x0000000086000000|100%| E|CS|TAMS 0x0000000085f00000, 0x0000000085f00000| Complete 
|  96|0x0000000086000000, 0x0000000086100000, 0x0000000086100000|100%| E|CS|TAMS 0x0000000086000000, 0x0000000086000000| Complete 
|  97|0x0000000086100000, 0x0000000086200000, 0x0000000086200000|100%| E|CS|TAMS 0x0000000086100000, 0x0000000086100000| Complete 
|  98|0x0000000086200000, 0x0000000086300000, 0x0000000086300000|100%| E|CS|TAMS 0x0000000086200000, 0x0000000086200000| Complete 
|  99|0x0000000086300000, 0x0000000086400000, 0x0000000086400000|100%| E|CS|TAMS 0x0000000086300000, 0x0000000086300000| Complete 
| 100|0x0000000086400000, 0x0000000086500000, 0x0000000086500000|100%| E|CS|TAMS 0x0000000086400000, 0x0000000086400000| Complete 
| 101|0x0000000086500000, 0x0000000086600000, 0x0000000086600000|100%| E|CS|TAMS 0x0000000086500000, 0x0000000086500000| Complete 
| 102|0x0000000086600000, 0x0000000086700000, 0x0000000086700000|100%| E|CS|TAMS 0x0000000086600000, 0x0000000086600000| Complete 
| 103|0x0000000086700000, 0x0000000086800000, 0x0000000086800000|100%| E|CS|TAMS 0x0000000086700000, 0x0000000086700000| Complete 
| 172|0x000000008ac00000, 0x000000008ad00000, 0x000000008ad00000|100%| E|CS|TAMS 0x000000008ac00000, 0x000000008ac00000| Complete 
| 173|0x000000008ad00000, 0x000000008ae00000, 0x000000008ae00000|100%| E|CS|TAMS 0x000000008ad00000, 0x000000008ad00000| Complete 
| 174|0x000000008ae00000, 0x000000008af00000, 0x000000008af00000|100%| E|CS|TAMS 0x000000008ae00000, 0x000000008ae00000| Complete 
| 175|0x000000008af00000, 0x000000008b000000, 0x000000008b000000|100%| E|CS|TAMS 0x000000008af00000, 0x000000008af00000| Complete 
| 176|0x000000008b000000, 0x000000008b100000, 0x000000008b100000|100%| E|CS|TAMS 0x000000008b000000, 0x000000008b000000| Complete 
| 177|0x000000008b100000, 0x000000008b200000, 0x000000008b200000|100%| E|CS|TAMS 0x000000008b100000, 0x000000008b100000| Complete 
| 178|0x000000008b200000, 0x000000008b300000, 0x000000008b300000|100%| E|CS|TAMS 0x000000008b200000, 0x000000008b200000| Complete 
| 179|0x000000008b300000, 0x000000008b400000, 0x000000008b400000|100%| E|CS|TAMS 0x000000008b300000, 0x000000008b300000| Complete 
| 180|0x000000008b400000, 0x000000008b500000, 0x000000008b500000|100%| E|CS|TAMS 0x000000008b400000, 0x000000008b400000| Complete 
| 223|0x000000008df00000, 0x000000008e000000, 0x000000008e000000|100%| E|CS|TAMS 0x000000008df00000, 0x000000008df00000| Complete 

Card table byte_map: [0x000001c997c70000,0x000001c998070000] _byte_map_base: 0x000001c997870000

Marking Bits (Prev, Next): (CMBitMap*) 0x000001c9850c7120, (CMBitMap*) 0x000001c9850c70e0
 Prev Bits: [0x000001c99a470000, 0x000001c99c470000)
 Next Bits: [0x000001c998470000, 0x000001c99a470000)

Polling page: 0x000001c984830000

Metaspace:

Usage:
  Non-class:     56.29 MB used.
      Class:      8.36 MB used.
       Both:     64.64 MB used.

Virtual space:
  Non-class space:       64.00 MB reserved,      56.56 MB ( 88%) committed,  8 nodes.
      Class space:        1.00 GB reserved,       8.56 MB ( <1%) committed,  1 nodes.
             Both:        1.06 GB reserved,      65.12 MB (  6%) committed. 

Chunk freelists:
   Non-Class:  3.22 MB
       Class:  3.26 MB
        Both:  6.48 MB

MaxMetaspaceSize: unlimited
CompressedClassSpaceSize: 1.00 GB
Initial GC threshold: 21.00 MB
Current GC threshold: 107.44 MB
CDS: off
MetaspaceReclaimPolicy: balanced
 - commit_granule_bytes: 65536.
 - commit_granule_words: 8192.
 - virtual_space_node_default_size: 1048576.
 - enlarge_chunks_in_place: 1.
 - new_chunks_are_fully_committed: 0.
 - uncommit_free_chunks: 1.
 - use_allocation_guard: 0.
 - handle_deallocations: 1.


Internal statistics:

num_allocs_failed_limit: 8.
num_arena_births: 546.
num_arena_deaths: 0.
num_vsnodes_births: 9.
num_vsnodes_deaths: 0.
num_space_committed: 1042.
num_space_uncommitted: 0.
num_chunks_returned_to_freelist: 8.
num_chunks_taken_from_freelist: 2675.
num_chunk_merges: 3.
num_chunk_splits: 1802.
num_chunks_enlarged: 1269.
num_purges: 0.
num_inconsistent_stats: 0.

CodeHeap 'non-profiled nmethods': size=120000Kb used=3515Kb max_used=3515Kb free=116484Kb
 bounds [0x000001c990000000, 0x000001c990370000, 0x000001c997530000]
CodeHeap 'profiled nmethods': size=120000Kb used=12208Kb max_used=12208Kb free=107791Kb
 bounds [0x000001c988530000, 0x000001c989120000, 0x000001c98fa60000]
CodeHeap 'non-nmethods': size=5760Kb used=2345Kb max_used=2396Kb free=3415Kb
 bounds [0x000001c98fa60000, 0x000001c98fcd0000, 0x000001c990000000]
 total_blobs=7006 nmethods=6137 adapters=781
 compilation: enabled
              stopped_count=0, restarted_count=0
 full_count=0

Compilation events (20 events):
Event: 16.364 Thread 0x000001c99f871260 6910   !   3       com.sun.beans.introspect.ClassInfo::getMethods (47 bytes)
Event: 16.365 Thread 0x000001c99f871260 nmethod 6910 0x000001c98911b410 code [0x000001c98911b5c0, 0x000001c98911b8c8]
Event: 16.372 Thread 0x000001c99f871260 6917       3       org.codehaus.groovy.runtime.metaclass.MetaMethodIndex::resize (103 bytes)
Event: 16.372 Thread 0x000001c99f871260 nmethod 6917 0x000001c98911ba10 code [0x000001c98911bbe0, 0x000001c98911c198]
Event: 16.378 Thread 0x000001c9a3eb3f00 nmethod 6902 0x000001c990369d10 code [0x000001c990369f20, 0x000001c99036aac0]
Event: 16.378 Thread 0x000001c9a3eb3f00 6916       4       java.lang.StringBuilder::append (8 bytes)
Event: 16.387 Thread 0x000001c99f871260 6918       3       sun.reflect.generics.reflectiveObjects.TypeVariableImpl::toString (5 bytes)
Event: 16.387 Thread 0x000001c99f871260 nmethod 6918 0x000001c98911c390 code [0x000001c98911c520, 0x000001c98911c658]
Event: 16.387 Thread 0x000001c99f871260 6919       3       java.util.HashMap::prepareArray (38 bytes)
Event: 16.388 Thread 0x000001c99f871260 nmethod 6919 0x000001c98911c710 code [0x000001c98911c900, 0x000001c98911ced8]
Event: 16.398 Thread 0x000001c9a3eb3f00 nmethod 6916 0x000001c99036b190 code [0x000001c99036b340, 0x000001c99036bae8]
Event: 16.398 Thread 0x000001c9a3eb3f00 6905   !   4       java.lang.Class::getTypeName (59 bytes)
Event: 16.402 Thread 0x000001c99f871260 6920       3       java.util.HashMap::values (25 bytes)
Event: 16.403 Thread 0x000001c99f871260 nmethod 6920 0x000001c98911d090 code [0x000001c98911d240, 0x000001c98911d5b8]
Event: 16.416 Thread 0x000001c9a3eb3f00 nmethod 6905 0x000001c99036bf10 code [0x000001c99036c100, 0x000001c99036c870]
Event: 16.416 Thread 0x000001c9a3eb3f00 6901       4       java.util.StringJoiner::<init> (63 bytes)
Event: 16.422 Thread 0x000001c9a3eb3f00 nmethod 6901 0x000001c99036cd10 code [0x000001c99036cea0, 0x000001c99036d2f8]
Event: 16.422 Thread 0x000001c9a3eb3f00 6903       4       java.util.StringJoiner::toString (53 bytes)
Event: 16.460 Thread 0x000001c9a3eb3f00 nmethod 6903 0x000001c99036d590 code [0x000001c99036d760, 0x000001c99036e2b8]
Event: 16.460 Thread 0x000001c9a3eb3f00 6922       4       java.lang.Class::getMethod (59 bytes)

GC Heap History (20 events):
Event: 8.769 GC heap before
{Heap before GC invocations=14 (full 0):
 garbage-first heap   total 65536K, used 35952K [0x0000000080000000, 0x0000000100000000)
  region size 1024K, 3 young (3072K), 2 survivors (2048K)
 Metaspace       used 40947K, committed 41280K, reserved 1089536K
  class space    used 5321K, committed 5504K, reserved 1048576K
}
Event: 8.772 GC heap after
{Heap after GC invocations=15 (full 0):
 garbage-first heap   total 65536K, used 34482K [0x0000000080000000, 0x0000000100000000)
  region size 1024K, 1 young (1024K), 1 survivors (1024K)
 Metaspace       used 40947K, committed 41280K, reserved 1089536K
  class space    used 5321K, committed 5504K, reserved 1048576K
}
Event: 9.332 GC heap before
{Heap before GC invocations=15 (full 0):
 garbage-first heap   total 65536K, used 49842K [0x0000000080000000, 0x0000000100000000)
  region size 1024K, 16 young (16384K), 1 survivors (1024K)
 Metaspace       used 43235K, committed 43648K, reserved 1089536K
  class space    used 5685K, committed 5888K, reserved 1048576K
}
Event: 9.336 GC heap after
{Heap after GC invocations=16 (full 0):
 garbage-first heap   total 65536K, used 35266K [0x0000000080000000, 0x0000000100000000)
  region size 1024K, 1 young (1024K), 1 survivors (1024K)
 Metaspace       used 43235K, committed 43648K, reserved 1089536K
  class space    used 5685K, committed 5888K, reserved 1048576K
}
Event: 9.410 GC heap before
{Heap before GC invocations=17 (full 0):
 garbage-first heap   total 65536K, used 36290K [0x0000000080000000, 0x0000000100000000)
  region size 1024K, 4 young (4096K), 1 survivors (1024K)
 Metaspace       used 43562K, committed 43968K, reserved 1089536K
  class space    used 5712K, committed 5888K, reserved 1048576K
}
Event: 9.412 GC heap after
{Heap after GC invocations=18 (full 0):
 garbage-first heap   total 65536K, used 35785K [0x0000000080000000, 0x0000000100000000)
  region size 1024K, 2 young (2048K), 2 survivors (2048K)
 Metaspace       used 43562K, committed 43968K, reserved 1089536K
  class space    used 5712K, committed 5888K, reserved 1048576K
}
Event: 10.048 GC heap before
{Heap before GC invocations=19 (full 0):
 garbage-first heap   total 65536K, used 52169K [0x0000000080000000, 0x0000000100000000)
  region size 1024K, 18 young (18432K), 2 survivors (2048K)
 Metaspace       used 46194K, committed 46592K, reserved 1089536K
  class space    used 6036K, committed 6208K, reserved 1048576K
}
Event: 10.051 GC heap after
{Heap after GC invocations=20 (full 0):
 garbage-first heap   total 65536K, used 36247K [0x0000000080000000, 0x0000000100000000)
  region size 1024K, 2 young (2048K), 2 survivors (2048K)
 Metaspace       used 46194K, committed 46592K, reserved 1089536K
  class space    used 6036K, committed 6208K, reserved 1048576K
}
Event: 10.834 GC heap before
{Heap before GC invocations=20 (full 0):
 garbage-first heap   total 65536K, used 52631K [0x0000000080000000, 0x0000000100000000)
  region size 1024K, 18 young (18432K), 2 survivors (2048K)
 Metaspace       used 48135K, committed 48512K, reserved 1097728K
  class space    used 6310K, committed 6464K, reserved 1048576K
}
Event: 10.839 GC heap after
{Heap after GC invocations=21 (full 0):
 garbage-first heap   total 65536K, used 37796K [0x0000000080000000, 0x0000000100000000)
  region size 1024K, 3 young (3072K), 3 survivors (3072K)
 Metaspace       used 48135K, committed 48512K, reserved 1097728K
  class space    used 6310K, committed 6464K, reserved 1048576K
}
Event: 11.347 GC heap before
{Heap before GC invocations=22 (full 0):
 garbage-first heap   total 66560K, used 52132K [0x0000000080000000, 0x0000000100000000)
  region size 1024K, 17 young (17408K), 3 survivors (3072K)
 Metaspace       used 48731K, committed 49088K, reserved 1097728K
  class space    used 6380K, committed 6528K, reserved 1048576K
}
Event: 11.352 GC heap after
{Heap after GC invocations=23 (full 0):
 garbage-first heap   total 66560K, used 39420K [0x0000000080000000, 0x0000000100000000)
  region size 1024K, 3 young (3072K), 3 survivors (3072K)
 Metaspace       used 48731K, committed 49088K, reserved 1097728K
  class space    used 6380K, committed 6528K, reserved 1048576K
}
Event: 11.857 GC heap before
{Heap before GC invocations=23 (full 0):
 garbage-first heap   total 66560K, used 50684K [0x0000000080000000, 0x0000000100000000)
  region size 1024K, 16 young (16384K), 3 survivors (3072K)
 Metaspace       used 49116K, committed 49536K, reserved 1097728K
  class space    used 6415K, committed 6592K, reserved 1048576K
}
Event: 11.861 GC heap after
{Heap after GC invocations=24 (full 0):
 garbage-first heap   total 116736K, used 40460K [0x0000000080000000, 0x0000000100000000)
  region size 1024K, 2 young (2048K), 2 survivors (2048K)
 Metaspace       used 49116K, committed 49536K, reserved 1097728K
  class space    used 6415K, committed 6592K, reserved 1048576K
}
Event: 13.785 GC heap before
{Heap before GC invocations=24 (full 0):
 garbage-first heap   total 116736K, used 92684K [0x0000000080000000, 0x0000000100000000)
  region size 1024K, 49 young (50176K), 2 survivors (2048K)
 Metaspace       used 55202K, committed 55680K, reserved 1097728K
  class space    used 7223K, committed 7424K, reserved 1048576K
}
Event: 13.790 GC heap after
{Heap after GC invocations=25 (full 0):
 garbage-first heap   total 116736K, used 53248K [0x0000000080000000, 0x0000000100000000)
  region size 1024K, 7 young (7168K), 7 survivors (7168K)
 Metaspace       used 55202K, committed 55680K, reserved 1097728K
  class space    used 7223K, committed 7424K, reserved 1048576K
}
Event: 14.897 GC heap before
{Heap before GC invocations=25 (full 0):
 garbage-first heap   total 116736K, used 91136K [0x0000000080000000, 0x0000000100000000)
  region size 1024K, 45 young (46080K), 7 survivors (7168K)
 Metaspace       used 62145K, committed 62720K, reserved 1105920K
  class space    used 8035K, committed 8320K, reserved 1048576K
}
Event: 14.904 GC heap after
{Heap after GC invocations=26 (full 0):
 garbage-first heap   total 116736K, used 59287K [0x0000000080000000, 0x0000000100000000)
  region size 1024K, 6 young (6144K), 6 survivors (6144K)
 Metaspace       used 62145K, committed 62720K, reserved 1105920K
  class space    used 8035K, committed 8320K, reserved 1048576K
}
Event: 15.885 GC heap before
{Heap before GC invocations=26 (full 0):
 garbage-first heap   total 116736K, used 90007K [0x0000000080000000, 0x0000000100000000)
  region size 1024K, 37 young (37888K), 6 survivors (6144K)
 Metaspace       used 65436K, committed 65984K, reserved 1114112K
  class space    used 8425K, committed 8640K, reserved 1048576K
}
Event: 15.890 GC heap after
{Heap after GC invocations=27 (full 0):
 garbage-first heap   total 116736K, used 59778K [0x0000000080000000, 0x0000000100000000)
  region size 1024K, 3 young (3072K), 3 survivors (3072K)
 Metaspace       used 65436K, committed 65984K, reserved 1114112K
  class space    used 8425K, committed 8640K, reserved 1048576K
}

Dll operation events (2 events):
Event: 0.010 Loaded shared library C:\Program Files\Android\Android Studio\jbr\bin\java.dll
Event: 0.658 Loaded shared library C:\Program Files\Android\Android Studio\jbr\bin\verify.dll

Deoptimization events (20 events):
Event: 16.038 Thread 0x000001c9a122d470 Uncommon trap: trap_request=0xffffff45 fr.pc=0x000001c99003d920 relative=0x00000000000004e0
Event: 16.038 Thread 0x000001c9a122d470 Uncommon trap: reason=unstable_if action=reinterpret pc=0x000001c99003d920 method=java.lang.AbstractStringBuilder.putStringAt(ILjava/lang/String;II)V @ 8 c2
Event: 16.038 Thread 0x000001c9a122d470 DEOPT PACKING pc=0x000001c99003d920 sp=0x00000026d11f6770
Event: 16.038 Thread 0x000001c9a122d470 DEOPT UNPACKING pc=0x000001c98fab69a3 sp=0x00000026d11f65f8 mode 2
Event: 16.038 Thread 0x000001c9a122d470 Uncommon trap: trap_request=0xffffff45 fr.pc=0x000001c99005ac94 relative=0x00000000000004d4
Event: 16.038 Thread 0x000001c9a122d470 Uncommon trap: reason=unstable_if action=reinterpret pc=0x000001c99005ac94 method=java.lang.AbstractStringBuilder.putStringAt(ILjava/lang/String;II)V @ 8 c2
Event: 16.038 Thread 0x000001c9a122d470 DEOPT PACKING pc=0x000001c99005ac94 sp=0x00000026d11f6700
Event: 16.038 Thread 0x000001c9a122d470 DEOPT UNPACKING pc=0x000001c98fab69a3 sp=0x00000026d11f65f0 mode 2
Event: 16.038 Thread 0x000001c9a122d470 Uncommon trap: trap_request=0xffffff45 fr.pc=0x000001c99003c6cc relative=0x000000000000012c
Event: 16.038 Thread 0x000001c9a122d470 Uncommon trap: reason=unstable_if action=reinterpret pc=0x000001c99003c6cc method=java.lang.AbstractStringBuilder.putStringAt(ILjava/lang/String;II)V @ 8 c2
Event: 16.039 Thread 0x000001c9a122d470 DEOPT PACKING pc=0x000001c99003c6cc sp=0x00000026d11f66b0
Event: 16.039 Thread 0x000001c9a122d470 DEOPT UNPACKING pc=0x000001c98fab69a3 sp=0x00000026d11f65f8 mode 2
Event: 16.039 Thread 0x000001c9a122d470 Uncommon trap: trap_request=0xffffff45 fr.pc=0x000001c99003cbd8 relative=0x0000000000000138
Event: 16.039 Thread 0x000001c9a122d470 Uncommon trap: reason=unstable_if action=reinterpret pc=0x000001c99003cbd8 method=java.lang.AbstractStringBuilder.putStringAt(ILjava/lang/String;II)V @ 8 c2
Event: 16.039 Thread 0x000001c9a122d470 DEOPT PACKING pc=0x000001c99003cbd8 sp=0x00000026d11f6630
Event: 16.039 Thread 0x000001c9a122d470 DEOPT UNPACKING pc=0x000001c98fab69a3 sp=0x00000026d11f65f8 mode 2
Event: 16.349 Thread 0x000001c9a122d470 Uncommon trap: trap_request=0xfffffff4 fr.pc=0x000001c990365ff4 relative=0x00000000000009d4
Event: 16.349 Thread 0x000001c9a122d470 Uncommon trap: reason=null_check action=make_not_entrant pc=0x000001c990365ff4 method=com.sun.beans.introspect.MethodInfo$MethodOrder.compare(Ljava/lang/reflect/Method;Ljava/lang/reflect/Method;)I @ 133 c2
Event: 16.349 Thread 0x000001c9a122d470 DEOPT PACKING pc=0x000001c990365ff4 sp=0x00000026d11f55d0
Event: 16.349 Thread 0x000001c9a122d470 DEOPT UNPACKING pc=0x000001c98fab69a3 sp=0x00000026d11f5500 mode 2

Classes unloaded (0 events):
No events

Classes redefined (0 events):
No events

Internal exceptions (20 events):
Event: 16.347 Thread 0x000001c9a122d470 Exception <a 'java/lang/ClassNotFoundException'{0x0000000085d41540}: com/android/build/gradle/internal/dsl/BaseFlavorBeanInfo> (0x0000000085d41540) 
thrown [s\src\hotspot\share\classfile\systemDictionary.cpp, line 256]
Event: 16.348 Thread 0x000001c9a122d470 Exception <a 'java/lang/ClassNotFoundException'{0x0000000085d4cff8}: com/android/builder/core/AbstractProductFlavorBeanInfo> (0x0000000085d4cff8) 
thrown [s\src\hotspot\share\classfile\systemDictionary.cpp, line 256]
Event: 16.348 Thread 0x000001c9a122d470 Exception <a 'java/lang/ClassNotFoundException'{0x0000000085d58de8}: com/android/builder/internal/BaseConfigImplBeanInfo> (0x0000000085d58de8) 
thrown [s\src\hotspot\share\classfile\systemDictionary.cpp, line 256]
Event: 16.349 Thread 0x000001c9a122d470 Exception <a 'java/lang/ClassNotFoundException'{0x0000000085d64ba8}: com/android/builder/internal/BaseConfigImplCustomizer> (0x0000000085d64ba8) 
thrown [s\src\hotspot\share\classfile\systemDictionary.cpp, line 256]
Event: 16.349 Thread 0x000001c9a122d470 Implicit null exception at 0x000001c990365955 to 0x000001c990365fe0
Event: 16.350 Thread 0x000001c9a122d470 Exception <a 'java/lang/ClassNotFoundException'{0x0000000085d90180}: com/android/builder/core/AbstractProductFlavorCustomizer> (0x0000000085d90180) 
thrown [s\src\hotspot\share\classfile\systemDictionary.cpp, line 256]
Event: 16.352 Thread 0x000001c9a122d470 Exception <a 'java/lang/ClassNotFoundException'{0x0000000085dd6878}: com/android/build/gradle/internal/dsl/BaseFlavorCustomizer> (0x0000000085dd6878) 
thrown [s\src\hotspot\share\classfile\systemDictionary.cpp, line 256]
Event: 16.355 Thread 0x000001c9a122d470 Exception <a 'java/lang/ClassNotFoundException'{0x0000000085c43908}: com/android/build/gradle/internal/dsl/DefaultConfigCustomizer> (0x0000000085c43908) 
thrown [s\src\hotspot\share\classfile\systemDictionary.cpp, line 256]
Event: 16.356 Thread 0x000001c9a122d470 Exception <a 'java/lang/ClassNotFoundException'{0x0000000085c662b0}: com/android/build/gradle/internal/dsl/DefaultConfig$AgpDecoratedCustomizer> (0x0000000085c662b0) 
thrown [s\src\hotspot\share\classfile\systemDictionary.cpp, line 256]
Event: 16.358 Thread 0x000001c9a122d470 Exception <a 'java/lang/ClassNotFoundException'{0x0000000085cb2e68}: com/android/build/gradle/internal/dsl/DefaultConfig$AgpDecorated_DecoratedCustomizer> (0x0000000085cb2e68) 
thrown [s\src\hotspot\share\classfile\systemDictionary.cpp, line 256]
Event: 16.367 Thread 0x000001c9a122d470 Exception <a 'java/lang/ClassNotFoundException'{0x0000000085bdac18}: org/gradle/api/internal/NamedDomainObjectContainerConfigureDelegateBeanInfo> (0x0000000085bdac18) 
thrown [s\src\hotspot\share\classfile\systemDictionary.cpp, line 256]
Event: 16.368 Thread 0x000001c9a122d470 Exception <a 'java/lang/ClassNotFoundException'{0x0000000085bee8f8}: org/gradle/api/internal/NamedDomainObjectContainerConfigureDelegateCustomizer> (0x0000000085bee8f8) 
thrown [s\src\hotspot\share\classfile\systemDictionary.cpp, line 256]
Event: 16.378 Thread 0x000001c9a122d470 Exception <a 'java/lang/ClassNotFoundException'{0x0000000085828900}: org/gradle/api/internal/FactoryNamedDomainObjectContainer_DecoratedBeanInfo> (0x0000000085828900) 
thrown [s\src\hotspot\share\classfile\systemDictionary.cpp, line 256]
Event: 16.379 Thread 0x000001c9a122d470 Exception <a 'java/lang/ClassNotFoundException'{0x000000008583d470}: org/gradle/api/internal/FactoryNamedDomainObjectContainerBeanInfo> (0x000000008583d470) 
thrown [s\src\hotspot\share\classfile\systemDictionary.cpp, line 256]
Event: 16.380 Thread 0x000001c9a122d470 Exception <a 'java/lang/ClassNotFoundException'{0x0000000085852a78}: org/gradle/api/internal/AbstractNamedDomainObjectContainerBeanInfo> (0x0000000085852a78) 
thrown [s\src\hotspot\share\classfile\systemDictionary.cpp, line 256]
Event: 16.381 Thread 0x000001c9a122d470 Exception <a 'java/lang/ClassNotFoundException'{0x00000000858681f8}: org/gradle/api/internal/DefaultNamedDomainObjectSetBeanInfo> (0x00000000858681f8) 
thrown [s\src\hotspot\share\classfile\systemDictionary.cpp, line 256]
Event: 16.386 Thread 0x000001c9a122d470 Exception <a 'java/lang/ClassNotFoundException'{0x000000008587dbe8}: org/gradle/api/internal/DefaultNamedDomainObjectSetCustomizer> (0x000000008587dbe8) 
thrown [s\src\hotspot\share\classfile\systemDictionary.cpp, line 256]
Event: 16.391 Thread 0x000001c9a122d470 Exception <a 'java/lang/ClassNotFoundException'{0x00000000858a8840}: org/gradle/api/internal/AbstractNamedDomainObjectContainerCustomizer> (0x00000000858a8840) 
thrown [s\src\hotspot\share\classfile\systemDictionary.cpp, line 256]
Event: 16.395 Thread 0x000001c9a122d470 Exception <a 'java/lang/ClassNotFoundException'{0x00000000858d0540}: org/gradle/api/internal/FactoryNamedDomainObjectContainerCustomizer> (0x00000000858d0540) 
thrown [s\src\hotspot\share\classfile\systemDictionary.cpp, line 256]
Event: 16.398 Thread 0x000001c9a122d470 Exception <a 'java/lang/ClassNotFoundException'{0x00000000858ed1e0}: org/gradle/api/internal/FactoryNamedDomainObjectContainer_DecoratedCustomizer> (0x00000000858ed1e0) 
thrown [s\src\hotspot\share\classfile\systemDictionary.cpp, line 256]

VM Operations (20 events):
Event: 13.785 Executing VM operation: G1CollectForAllocation
Event: 13.790 Executing VM operation: G1CollectForAllocation done
Event: 14.733 Executing VM operation: HandshakeAllThreads
Event: 14.733 Executing VM operation: HandshakeAllThreads done
Event: 14.805 Executing VM operation: HandshakeAllThreads
Event: 14.805 Executing VM operation: HandshakeAllThreads done
Event: 14.805 Executing VM operation: Cleanup
Event: 14.805 Executing VM operation: Cleanup done
Event: 14.808 Executing VM operation: HandshakeAllThreads
Event: 14.809 Executing VM operation: HandshakeAllThreads done
Event: 14.897 Executing VM operation: G1CollectForAllocation
Event: 14.905 Executing VM operation: G1CollectForAllocation done
Event: 15.612 Executing VM operation: ICBufferFull
Event: 15.636 Executing VM operation: ICBufferFull done
Event: 15.884 Executing VM operation: G1TryInitiateConcMark
Event: 15.891 Executing VM operation: G1TryInitiateConcMark done
Event: 15.934 Executing VM operation: G1Concurrent
Event: 15.948 Executing VM operation: G1Concurrent done
Event: 15.967 Executing VM operation: G1Concurrent
Event: 15.967 Executing VM operation: G1Concurrent done

Events (20 events):
Event: 14.861 loading class java/util/Base64$Encoder done
Event: 14.862 loading class java/util/jar/JarVerifier$VerifierStream
Event: 14.863 loading class java/util/jar/JarVerifier$VerifierStream done
Event: 14.863 loading class sun/security/util/ManifestEntryVerifier$SunProviderHolder
Event: 14.863 loading class sun/security/util/ManifestEntryVerifier$SunProviderHolder done
Event: 14.885 Thread 0x000001c9a3eb4410 Thread added: 0x000001c9a3eb4410
Event: 15.004 loading class sun/nio/fs/WindowsException
Event: 15.004 loading class sun/nio/fs/WindowsException done
Event: 15.538 loading class java/security/KeyStore
Event: 15.539 loading class java/security/KeyStore done
Event: 15.539 loading class java/security/KeyStore$1
Event: 15.539 loading class java/security/KeyStore$1 done
Event: 15.796 loading class sun/reflect/annotation/AnnotationInvocationHandler$1
Event: 15.796 loading class sun/reflect/annotation/AnnotationInvocationHandler$1 done
Event: 15.960 loading class jdk/internal/vm/annotation/ForceInline
Event: 15.960 loading class jdk/internal/vm/annotation/ForceInline done
Event: 16.040 loading class java/util/regex/Pattern$Caret
Event: 16.040 loading class java/util/regex/Pattern$Caret done
Event: 16.354 loading class java/beans/IntrospectionException
Event: 16.354 loading class java/beans/IntrospectionException done


Dynamic libraries:
0x00007ff76c2b0000 - 0x00007ff76c2ba000 	C:\Program Files\Android\Android Studio\jbr\bin\java.exe
0x00007ffa71d50000 - 0x00007ffa71f64000 	C:\WINDOWS\SYSTEM32\ntdll.dll
0x00007ffa70130000 - 0x00007ffa701f2000 	C:\WINDOWS\System32\KERNEL32.DLL
0x00007ffa6f2c0000 - 0x00007ffa6f663000 	C:\WINDOWS\System32\KERNELBASE.dll
0x00007ffa6fa10000 - 0x00007ffa6fb21000 	C:\WINDOWS\System32\ucrtbase.dll
0x00007ffa5e0d0000 - 0x00007ffa5e0e7000 	C:\Program Files\Android\Android Studio\jbr\bin\jli.dll
0x00007ffa5e0b0000 - 0x00007ffa5e0cb000 	C:\Program Files\Android\Android Studio\jbr\bin\VCRUNTIME140.dll
0x00007ffa706c0000 - 0x00007ffa7086b000 	C:\WINDOWS\System32\USER32.dll
0x00007ffa6f670000 - 0x00007ffa6f696000 	C:\WINDOWS\System32\win32u.dll
0x00007ffa70280000 - 0x00007ffa702a9000 	C:\WINDOWS\System32\GDI32.dll
0x00007ffa6f710000 - 0x00007ffa6f829000 	C:\WINDOWS\System32\gdi32full.dll
0x00007ffa6f8b0000 - 0x00007ffa6f94a000 	C:\WINDOWS\System32\msvcp_win.dll
0x00007ffa5fd70000 - 0x00007ffa5fffe000 	C:\WINDOWS\WinSxS\amd64_microsoft.windows.common-controls_6595b64144ccf1df_6.0.22621.1635_none_270f70857386168e\COMCTL32.dll
0x00007ffa6fc30000 - 0x00007ffa6fcd7000 	C:\WINDOWS\System32\msvcrt.dll
0x00007ffa6fce0000 - 0x00007ffa6fd11000 	C:\WINDOWS\System32\IMM32.DLL
0x00007ffa5e0a0000 - 0x00007ffa5e0ac000 	C:\Program Files\Android\Android Studio\jbr\bin\vcruntime140_1.dll
0x00007ffa5e010000 - 0x00007ffa5e09d000 	C:\Program Files\Android\Android Studio\jbr\bin\msvcp140.dll
0x00007ffa04ca0000 - 0x00007ffa0590d000 	C:\Program Files\Android\Android Studio\jbr\bin\server\jvm.dll
0x00007ffa71bd0000 - 0x00007ffa71c7e000 	C:\WINDOWS\System32\ADVAPI32.dll
0x00007ffa703f0000 - 0x00007ffa70494000 	C:\WINDOWS\System32\sechost.dll
0x00007ffa70870000 - 0x00007ffa70987000 	C:\WINDOWS\System32\RPCRT4.dll
0x00007ffa671d0000 - 0x00007ffa67204000 	C:\WINDOWS\SYSTEM32\WINMM.dll
0x00007ffa58070000 - 0x00007ffa58079000 	C:\WINDOWS\SYSTEM32\WSOCK32.dll
0x00007ffa65100000 - 0x00007ffa6510a000 	C:\WINDOWS\SYSTEM32\VERSION.dll
0x00007ffa70200000 - 0x00007ffa70271000 	C:\WINDOWS\System32\WS2_32.dll
0x00007ffa6e1a0000 - 0x00007ffa6e1b8000 	C:\WINDOWS\SYSTEM32\kernel.appcore.dll
0x00007ffa688b0000 - 0x00007ffa688ba000 	C:\Program Files\Android\Android Studio\jbr\bin\jimage.dll
0x00007ffa6cdd0000 - 0x00007ffa6cffe000 	C:\WINDOWS\SYSTEM32\DBGHELP.DLL
0x00007ffa709a0000 - 0x00007ffa70d29000 	C:\WINDOWS\System32\combase.dll
0x00007ffa6fb50000 - 0x00007ffa6fc27000 	C:\WINDOWS\System32\OLEAUT32.dll
0x00007ffa58be0000 - 0x00007ffa58c12000 	C:\WINDOWS\SYSTEM32\dbgcore.DLL
0x00007ffa6f830000 - 0x00007ffa6f8ab000 	C:\WINDOWS\System32\bcryptPrimitives.dll
0x00007ffa68880000 - 0x00007ffa688a5000 	C:\Program Files\Android\Android Studio\jbr\bin\java.dll
0x00007ffa68860000 - 0x00007ffa68878000 	C:\Program Files\Android\Android Studio\jbr\bin\zip.dll
0x00007ffa71370000 - 0x00007ffa71b6a000 	C:\WINDOWS\System32\SHELL32.dll
0x00007ffa6d150000 - 0x00007ffa6da1e000 	C:\WINDOWS\SYSTEM32\windows.storage.dll
0x00007ffa6d010000 - 0x00007ffa6d14e000 	C:\WINDOWS\SYSTEM32\wintypes.dll
0x00007ffa6ff50000 - 0x00007ffa70041000 	C:\WINDOWS\System32\SHCORE.dll
0x00007ffa71b70000 - 0x00007ffa71bce000 	C:\WINDOWS\System32\shlwapi.dll
0x00007ffa6f080000 - 0x00007ffa6f0a1000 	C:\WINDOWS\SYSTEM32\profapi.dll
0x00007ffa68840000 - 0x00007ffa68859000 	C:\Program Files\Android\Android Studio\jbr\bin\net.dll
0x00007ffa66180000 - 0x00007ffa662b7000 	C:\WINDOWS\SYSTEM32\WINHTTP.dll
0x00007ffa6e680000 - 0x00007ffa6e6e9000 	C:\WINDOWS\system32\mswsock.dll
0x00007ffa68820000 - 0x00007ffa68836000 	C:\Program Files\Android\Android Studio\jbr\bin\nio.dll
0x00007ffa687f0000 - 0x00007ffa68800000 	C:\Program Files\Android\Android Studio\jbr\bin\verify.dll
0x00007ffa5dfe0000 - 0x00007ffa5e007000 	C:\Users\Nguyen Thi Van\.gradle\native\e1d6ef7f7dcc3fd88c89a11ec53ec762bb8ba0a96d01ffa2cd45eb1d1d8dd5c5\windows-amd64\native-platform.dll
0x00007ffa5de90000 - 0x00007ffa5dfd4000 	C:\Users\Nguyen Thi Van\.gradle\native\5664cfc778a61ccfe75a443a1ab52a65af34e5dc3c78e0209fed803814484fcb\windows-amd64\native-platform-file-events.dll
0x00007ffa68810000 - 0x00007ffa68819000 	C:\Program Files\Android\Android Studio\jbr\bin\management.dll
0x00007ffa68800000 - 0x00007ffa6880b000 	C:\Program Files\Android\Android Studio\jbr\bin\management_ext.dll
0x00007ffa70370000 - 0x00007ffa70378000 	C:\WINDOWS\System32\PSAPI.DLL
0x00007ffa6e8e0000 - 0x00007ffa6e8fb000 	C:\WINDOWS\SYSTEM32\CRYPTSP.dll
0x00007ffa6e110000 - 0x00007ffa6e145000 	C:\WINDOWS\system32\rsaenh.dll
0x00007ffa6e780000 - 0x00007ffa6e7a8000 	C:\WINDOWS\SYSTEM32\USERENV.dll
0x00007ffa6eb00000 - 0x00007ffa6eb28000 	C:\WINDOWS\SYSTEM32\bcrypt.dll
0x00007ffa6e960000 - 0x00007ffa6e96c000 	C:\WINDOWS\SYSTEM32\CRYPTBASE.dll
0x00007ffa6dc80000 - 0x00007ffa6dcad000 	C:\WINDOWS\SYSTEM32\IPHLPAPI.DLL
0x00007ffa700a0000 - 0x00007ffa700a9000 	C:\WINDOWS\System32\NSI.dll
0x00007ffa66480000 - 0x00007ffa66499000 	C:\WINDOWS\SYSTEM32\dhcpcsvc6.DLL
0x00007ffa66440000 - 0x00007ffa6645f000 	C:\WINDOWS\SYSTEM32\dhcpcsvc.DLL
0x00007ffa6dcf0000 - 0x00007ffa6dde3000 	C:\WINDOWS\SYSTEM32\DNSAPI.dll
0x00007ffa682e0000 - 0x00007ffa682e8000 	C:\WINDOWS\system32\wshunix.dll

dbghelp: loaded successfully - version: 4.0.5 - missing functions: none
symbol engine: initialized successfully - sym options: 0x614 - pdb path: .;C:\Program Files\Android\Android Studio\jbr\bin;C:\WINDOWS\SYSTEM32;C:\WINDOWS\WinSxS\amd64_microsoft.windows.common-controls_6595b64144ccf1df_6.0.22621.1635_none_270f70857386168e;C:\Program Files\Android\Android Studio\jbr\bin\server;C:\Users\Nguyen Thi Van\.gradle\native\e1d6ef7f7dcc3fd88c89a11ec53ec762bb8ba0a96d01ffa2cd45eb1d1d8dd5c5\windows-amd64;C:\Users\Nguyen Thi Van\.gradle\native\5664cfc778a61ccfe75a443a1ab52a65af34e5dc3c78e0209fed803814484fcb\windows-amd64

VM Arguments:
jvm_args: --add-opens=java.base/java.util=ALL-UNNAMED --add-opens=java.base/java.lang=ALL-UNNAMED --add-opens=java.base/java.lang.invoke=ALL-UNNAMED --add-opens=java.base/java.util=ALL-UNNAMED --add-opens=java.prefs/java.util.prefs=ALL-UNNAMED --add-opens=java.prefs/java.util.prefs=ALL-UNNAMED --add-opens=java.base/java.nio.charset=ALL-UNNAMED --add-opens=java.base/java.net=ALL-UNNAMED --add-opens=java.base/java.util.concurrent.atomic=ALL-UNNAMED -Xmx2048m -Dfile.encoding=UTF-8 -Duser.country=US -Duser.language=en -Duser.variant 
java_command: org.gradle.launcher.daemon.bootstrap.GradleDaemon 7.2
java_class_path (initial): C:\Users\Nguyen Thi Van\.gradle\wrapper\dists\gradle-7.2-bin\2dnblmf4td7x66yl1d74lt32g\gradle-7.2\lib\gradle-launcher-7.2.jar
Launcher Type: SUN_STANDARD

[Global flags]
     intx CICompilerCount                          = 4                                         {product} {ergonomic}
     uint ConcGCThreads                            = 2                                         {product} {ergonomic}
     uint G1ConcRefinementThreads                  = 8                                         {product} {ergonomic}
   size_t G1HeapRegionSize                         = 1048576                                   {product} {ergonomic}
    uintx GCDrainStackTargetSize                   = 64                                        {product} {ergonomic}
   size_t InitialHeapSize                          = 234881024                                 {product} {ergonomic}
   size_t MarkStackSize                            = 4194304                                   {product} {ergonomic}
   size_t MaxHeapSize                              = 2147483648                                {product} {command line}
   size_t MaxNewSize                               = 1287651328                                {product} {ergonomic}
   size_t MinHeapDeltaBytes                        = 1048576                                   {product} {ergonomic}
   size_t MinHeapSize                              = 8388608                                   {product} {ergonomic}
    uintx NonNMethodCodeHeapSize                   = 5839372                                {pd product} {ergonomic}
    uintx NonProfiledCodeHeapSize                  = 122909434                              {pd product} {ergonomic}
    uintx ProfiledCodeHeapSize                     = 122909434                              {pd product} {ergonomic}
    uintx ReservedCodeCacheSize                    = 251658240                              {pd product} {ergonomic}
     bool SegmentedCodeCache                       = true                                      {product} {ergonomic}
   size_t SoftMaxHeapSize                          = 2147483648                             {manageable} {ergonomic}
     bool UseCompressedClassPointers               = true                           {product lp64_product} {ergonomic}
     bool UseCompressedOops                        = true                           {product lp64_product} {ergonomic}
     bool UseG1GC                                  = true                                      {product} {ergonomic}
     bool UseLargePagesIndividualAllocation        = false                                  {pd product} {ergonomic}

Logging:
Log output configuration:
 #0: stdout all=warning uptime,level,tags
 #1: stderr all=off uptime,level,tags

Environment Variables:
PATH=C:\Program Files\Common Files\Oracle\Java\javapath;C:\Windows\system32;C:\Windows;C:\Windows\System32\Wbem;C:\Windows\System32\WindowsPowerShell\v1.0\;C:\Windows\System32\OpenSSH\;C:\Program Files (x86)\NVIDIA Corporation\PhysX\Common;C:\Program Files\NVIDIA Corporation\NVIDIA NvDLISR;C:\Program Files\Azure Data Studio\bin;C:\Program Files (x86)\mingw-w64\i686-8.1.0-posix-dwarf-rt_v6-rev0;C:\Program Files\dotnet\;C:\Program Files\Microsoft SQL Server\Client SDK\ODBC\170\Tools\Binn\;C:\Program Files (x86)\Microsoft SQL Server\150\Tools\Binn\;C:\Program Files\Microsoft SQL Server\150\Tools\Binn\;C:\Program Files\Microsoft SQL Server\150\DTS\Binn\;C:\Program Files\Microsoft SQL Server\130\Tools\Binn\;C:\WINDOWS\system32;C:\WINDOWS;C:\WINDOWS\System32\Wbem;C:\WINDOWS\System32\WindowsPowerShell\v1.0\;C:\WINDOWS\System32\OpenSSH\;C:\Program Files\Git\cmd;C:\Program Files\TortoiseGit\bin;C:\Program Files\nodejs\;C:\Program Files\Cloudflare\Cloudflare WARP\;E:\flutter\flutter_windows_3.7.9-stable\flutter\bin;C:\Users\Nguyen Thi Van\AppData\Local\Microsoft\WindowsApps;C:\Users\Nguyen Thi Van\AppData\Local\Programs\Microsoft VS Code\bin;C:\Program Files\Azure Data Studio\bin;C:\Program Files\JetBrains\IntelliJ IDEA Community Edition 2021.1\bin;;C:\Users\Nguyen Thi Van\.dotnet\tools;C:\Users\Nguyen Thi Van\AppData\Roaming\npm;E:\flutter\flutter_windows_3.7.9-stable\flutter\bin;
USERNAME=Nguyen Hong Tam
OS=Windows_NT
PROCESSOR_IDENTIFIER=AMD64 Family 23 Model 24 Stepping 1, AuthenticAMD
TMP=C:\Users\NGUYEN~1\AppData\Local\Temp
TEMP=C:\Users\NGUYEN~1\AppData\Local\Temp



---------------  S Y S T E M  ---------------

OS:
 Windows 11 , 64 bit Build 22621 (10.0.22621.1778)
OS uptime: 1 days 7:12 hours

CPU: total 8 (initial active 8) (8 cores per cpu, 2 threads per core) family 23 model 24 stepping 1 microcode 0x0, cx8, cmov, fxsr, ht, mmx, 3dnowpref, sse, sse2, sse3, ssse3, sse4a, sse4.1, sse4.2, popcnt, lzcnt, tsc, tscinvbit, avx, avx2, aes, clmul, bmi1, bmi2, adx, sha, fma, vzeroupper, clflush, clflushopt

Memory: 4k page, system-wide physical 14273M (2126M free)
TotalPageFile size 18369M (AvailPageFile size 5M)
current process WorkingSet (physical memory assigned to process): 339M, peak: 339M
current process commit charge ("private bytes"): 377M, peak: 377M

vm_info: OpenJDK 64-Bit Server VM (17.0.6+0-b2043.56-9586694) for windows-amd64 JRE (17.0.6+0-b2043.56-9586694), built on Feb  9 2023 20:06:20 by "androidbuild" with MS VC++ 16.10 / 16.11 (VS2019)

END.
